Sceneryobjects\ADDON_SimpleStreets\RQ_15,5_2spur_11,5m_Sidewalk.sli
1047630645
-
-
Sceneryobjects\Buildings_MC\bw_hoch_10.sco
1167985828
1167985828
-1
Sceneryobjects\Buildings_MC\bw_hoch_18.sco
1344352423
1344352423
-1
Sceneryobjects\Buildings_MC\bw_hoch_21B.sco
1167985821
1167985821
-1
Sceneryobjects\Helferlein_Objekte\Buegel2f.sco
1395155076
1395155076
-1
Sceneryobjects\Helferlein_Objekte\Buegel3f.sco
1395155076
1395155076
-1
Sceneryobjects\Helferlein_Objekte\SG_2f_FG.sco
1395155076
1395155076
-1
Sceneryobjects\Helferlein_Objekte\SG_3f_Kfz.sco
1395155076
1395155076
-1
Sceneryobjects\SMV Studios\Road Objects\ADDON_SimpleStreets\RQ_10,5_to_15,5_Start.sco
1047956713
1047956713
-1
Sceneryobjects\SMV Studios\Road Objects\ADDON_SimpleStreets\RQ_15,5_3spur_11,5m_Sidewalk_junct.sco
1047956107
1047956107
-1
Sceneryobjects\SMV Studios\Route Hints V5\arrow_leftA.sco
1398646342
1398646342
-1
Sceneryobjects\Streetobjects_RUE\neonlight_L_whip_L.sco
1344352907
1344352907
-1
Sceneryobjects\Streetobjects_RUE\neonlight_M_whip_S.sco
1167985958
1167985958
-1
Sceneryobjects\Streetobjects_RUE\single_pole.sco
1167985956
1167985956
-1
Sceneryobjects\Streetobjects_RUE\sodiumlight_L_whip_L.sco
1344352908
1344352908
-1
Sceneryobjects\Streetobjects_RUE\whip_beam.sco
1344352916
1344352916
-1
Sceneryobjects\Trees_MC\tree_large_01.sco
1361799459
1361799459
-1
Sceneryobjects\Trees_MC\tree_large_06.sco
1361799459
1361799459
-1
Splines\SMV Studios\ADDON_SimpleStreets\RQ_10,5_2spur_7,5m_Sidewalk.sli
1047334011
-
-
Splines\SMV Studios\ADDON_SimpleStreets\RQ_15,5_2spur_11,5m_Sidewalk.sli
1047626548
-
-
