Sceneryobjects\Generic\routearrow_R.sco
1395037235
1395037235
-1
Sceneryobjects\More Trees Addon\TropicalTree2.sco
1124477451
1124477451
-1
Sceneryobjects\More Trees Addon\TropicalTree3.sco
1124477454
1124477454
-1
Sceneryobjects\Streetobjects_RUE\sodiumlight_L_break_L.sco
1344352908
1344352908
-1
Splines\Marcel\invis_street.sli
999142606
-
-
Splines\Terrain Spline\20mTerrain_Spline.sli
1361799397
-
-
Splines\Yufa\bussteig004.sli
1077390461
-
-
Splines\Yufa\normal_line.sli
1058611757
-
-
Splines\Yufa\seb_line.sli
1361798858
-
-
