Sceneryobjects\Buildings_DF\bw_supermarkt_2.sco
1112449916
1112449916
-1
Sceneryobjects\Buildings_MC\bw_70s_01C.sco
1344352418
1344352418
-1
Sceneryobjects\Buildings_MC\bw_hoch_09.sco
1167985890
1167985890
-1
Sceneryobjects\Buildings_MC\bw_hoch_23B.sco
1344352423
1344352423
-1
Sceneryobjects\Buildings_MC\bw_hoch_23C.sco
1167985890
1167985890
-1
Sceneryobjects\Buildings_MC\bw_jul.sco
1344352424
1344352424
-1
Sceneryobjects\Buildings_MC\park_5.sco
1344352473
1344352473
-1
Sceneryobjects\Fellowsfilm Objects\Signs\Railings\Ped Railings.sco
1162255387
1162255387
-1
Sceneryobjects\Generic\bus_stop.sco
1395037235
1395037235
-1
Sceneryobjects\Generic\people_standing_small.sco
1395037235
1395037235
-1
Sceneryobjects\Generic\routearrow_R.sco
1395037235
1395037235
-1
Sceneryobjects\Helferlein_Objekte\Buegel2f.sco
1395155076
1395155076
-1
Sceneryobjects\Helferlein_Objekte\Buegel3f.sco
1395155076
1395155076
-1
Sceneryobjects\Helferlein_Objekte\SG_2f_FG.sco
1395155076
1395155076
-1
Sceneryobjects\Helferlein_Objekte\SG_3f_Kfz.sco
1395155076
1395155076
-1
Sceneryobjects\SMRTG Studios\Route Hints V3\arrow_busStop.sco
1381000008
1381000008
-1
Sceneryobjects\SMRTG Studios\SMV Bus Stop\smv_busstop.sco
1377940020
1377940020
-1
Sceneryobjects\SMV Studios\Bus Stop Pole V5\BS Pole.sco
1391175685
1391175685
-1
Sceneryobjects\SMV Studios\Road Objects\ADDON_SimpleStreets\RQ_9,5_2spur_6,5m_Sidewalk_busstop_asph.sco
1047955975
1047955975
-1
Sceneryobjects\SMV Studios\Road Objects\ADDON_SimpleStreets\RQ_9,5_2spur_6,5m_Sidewalk_junct_forbus.sco
1047956035
1047956035
-1
Sceneryobjects\SMV Studios\Route Hints V4\arrow_leftA.sco
1397710631
1397710631
-1
Sceneryobjects\SMV Studios\Route Hints V4\arrow_rightA.sco
1397710632
1397710632
-1
Sceneryobjects\SMV Studios\Route Hints V5\arrow_rightA.sco
1398646342
1398646342
-1
Sceneryobjects\Streetobjects_RUE\DDR_Busbahnsteig.sco
1344352892
1344352892
-1
Sceneryobjects\Streetobjects_RUE\neonlight_M_whip_S.sco
1167985958
1167985958
-1
Sceneryobjects\Streetobjects_RUE\single_pole.sco
1167985956
1167985956
-1
Sceneryobjects\Streetobjects_RUE\sodiumlight_L_break_L.sco
1344352908
1344352908
-1
Sceneryobjects\Streetobjects_RUE\whip_beam.sco
1344352916
1344352916
-1
Sceneryobjects\Trees_MC\tree_large_05.sco
1361799459
1361799459
-1
Sceneryobjects\Trees_MC\tree_large_06.sco
1361799459
1361799459
-1
Splines\SMV Studios\ADDON_SimpleStreets\RQ_9,5_2spur_6,5m_Sidewalk.sli
1047229193
-
-
Sceneryobjects\SMV Studios\Route Hints V5\arrow_leftA.sco
1398646342
1398646342
-1
