Sceneryobjects\ADDON_SimpleStreets\RQ_9,5_2spur_6,5m_Sidewalk.sli
1047233290
-
-
Sceneryobjects\ADDON_SimpleStreets\RQ_9,5_2spur_6,5m_Sidewalk_junct_forbus.sco
1047956035
1047956035
-1
Sceneryobjects\ADDON_SimpleStreets\RQ_9,5_to_10,5.sco
1047956073
1047956073
-1
Sceneryobjects\Fellowsfilm Objects\British Traffic Light Pack\LED traffic lights\Ampel_Kfz_Oh_1.sco
1162255383
1162255383
-1
Sceneryobjects\Fellowsfilm Objects\British Traffic Light Pack\LED traffic lights\Ampel_Mensch_1.sco
1162255383
1162255383
-1
Sceneryobjects\Streetobjects_RUE\neonlight_L_whip_L.sco
1344352907
1344352907
-1
Sceneryobjects\Streetobjects_RUE\single_pole.sco
1167985956
1167985956
-1
Sceneryobjects\Streetobjects_RUE\whip_beam.sco
1344352916
1344352916
-1
