Sceneryobjects\Buildings_MC\bw_hoch_13.sco
1344352422
1344352422
-1
Sceneryobjects\Generic\bus_stop.sco
1395037235
1395037235
-1
Sceneryobjects\Generic\people_standing_small.sco
1395037235
1395037235
-1
Sceneryobjects\RRTS_Studios\busstopdisplay\BusstopDisplay.sco
1193185927
1193185927
-1
Sceneryobjects\SMV Studios\Bus Stop Pole V5\BS Pole.sco
1391175685
1391175685
-1
Sceneryobjects\SMV Studios\LTA Bus Stop V4\smrtg_sbsmrt.sco
1412084418
1412084418
-1
Sceneryobjects\Trees_MC\tree_large_01.sco
1361799459
1361799459
-1
Splines\SMV Studios\ADDON_SimpleStreets\RQ_10,5_2spur_7,5m_Sidewalk.sli
1047334011
-
-
Splines\Yufa\bussteig003.sli
1066816595
-
-
