Sceneryobjects\Addon_British-Style_Road_Signs\Generic\Temporary\No_Parking.sco
1397644582
1397644582
-1
Sceneryobjects\Buildings_MC\schleusener_platz.sco
1167985907
1167985907
-1
Sceneryobjects\Fellowsfilm Objects\Signs\Railings\Ped Railings.sco
1162255387
1162255387
-1
Sceneryobjects\SMV Studios\Road Objects\ADDON_SimpleStreets\RQ_20n_to_28.sco
1049132494
1049132494
-1
Sceneryobjects\Streetobjects_MC\bollard_metal_1.sco
1344352872
1344352872
-1
Sceneryobjects\Streetobjects_RUE\neonlight_L_whip_L.sco
1344352907
1344352907
-1
Sceneryobjects\Streetobjects_RUE\sodiumlight_2L_break_L.sco
1344352908
1344352908
-1
Sceneryobjects\Streetobjects_RUE\sodiumlight_L_whip_L.sco
1344352908
1344352908
-1
Sceneryobjects\Trees_MC\tree_large_05.sco
1361799459
1361799459
-1
Sceneryobjects\Trees_MC\tree_large_06.sco
1361799459
1361799459
-1
Sceneryobjects\Trees_MC\tree_tiny_01.sco
1361799460
1361799460
-1
Splines\Marcel\invis_street.sli
999142606
-
-
Splines\SMV Studios\ADDON_SimpleStreets\RQ_10,5_2spur_7,5m_Sidewalk.sli
1047334011
-
-
Splines\SMV Studios\ADDON_SimpleStreets\RQ_20_4_spur_15m_narrow_Sidewalk.sli
1048803973
-
-
Splines\SMV Studios\ADDON_SimpleStreets\RQ_28_Bridge.sli
1049476268
-
-
