Sceneryobjects\ABB\electric_module.sco
1390836429
1390836429
-1
Sceneryobjects\ABB\pantograph_down_exp.sco
1396489677
1396489677
-1
Sceneryobjects\ABB\pantograph_down_exp2.sco
1396506818
1396506818
-1
Sceneryobjects\Addon_British-Style_Road_Markings\Road_Destination_Mark_3line.sco
1397644558
1397644558
-1
Sceneryobjects\Fellowsfilm Objects\Signs\Railings\Ped Railings.sco
1162255387
1162255387
-1
Sceneryobjects\Generic\bus_stop.sco
1395037235
1395037235
-1
Sceneryobjects\Generic\entrypoint_bus.sco
1395037235
1395037235
-1
Sceneryobjects\Generic\people_standing_small.sco
1395037235
1395037235
-1
Sceneryobjects\Helferlein_Objekte\Buegel2f.sco
1395155076
1395155076
-1
Sceneryobjects\Helferlein_Objekte\Buegel3f.sco
1395155076
1395155076
-1
Sceneryobjects\Helferlein_Objekte\SG_2f_FG.sco
1395155076
1395155076
-1
Sceneryobjects\Helferlein_Objekte\SG_3f_Kfz.sco
1395155076
1395155076
-1
Sceneryobjects\RRTS_Studios\busstopdisplay\BusstopDisplay.sco
1193185927
1193185927
-1
Sceneryobjects\SMRTG Studios\Route Hints V3\arrow_busStop.sco
1381000008
1381000008
-1
Sceneryobjects\SMRTG Studios\SMV Bus Stop\smv_busstop.sco
1377940020
1377940020
-1
Sceneryobjects\SMV Studios\Admiralty ITH\Berth_P.sco
1298108536
1298108536
-1
Sceneryobjects\SMV Studios\Bus Stop Pole V5\BS Pole.sco
1391175685
1391175685
-1
Sceneryobjects\SMV Studios\Road Objects\ADDON_SimpleStreets\RQ_10,5_to_15,5_Start.sco
1047956713
1047956713
-1
Sceneryobjects\SMV Studios\Road Objects\ADDON_SimpleStreets\RQ_20n_Busstop001.sco
1053014247
1053014247
-1
Sceneryobjects\SMV Studios\Road Objects\ADDON_SimpleStreets\RQ_9,5_2spur_6,5m_Sidewalk_junct_forbus.sco
1047956035
1047956035
-1
Sceneryobjects\SMV Studios\Road Objects\ADDON_SimpleStreets\RQ_9,5_to_10,5.sco
1047956073
1047956073
-1
Sceneryobjects\SMV Studios\Route Hints V5\arrow_leftA.sco
1398646342
1398646342
-1
Sceneryobjects\SMV Studios\Route Hints V5\arrow_rightA.sco
1398646342
1398646342
-1
Sceneryobjects\SMV Studios\SMRTG Displays V3.1\For ITHs\Admiralty Int\Display Screen.sco
1397668492
1397668492
-1
Sceneryobjects\SMV Studios\SMRTG Displays V3.1\For ITHs\Admiralty Int\Display Screen2.sco
1397668499
1397668499
-1
Sceneryobjects\SMV Studios\SMRTG Displays V3.1\For ITHs\Admiralty Int\Display ScreenText.sco
1389658797
1389658797
-1
Sceneryobjects\Streetobjects_RUE\neonlight_M_whip_S.sco
1167985958
1167985958
-1
Sceneryobjects\Streetobjects_RUE\single_pole.sco
1167985956
1167985956
-1
Sceneryobjects\Streetobjects_RUE\sodiumlight_L_break_L.sco
1344352908
1344352908
-1
Sceneryobjects\Streetobjects_RUE\whip_beam.sco
1344352916
1344352916
-1
Splines\Marcel\invis_human.sli
1085057041
-
-
Splines\Marcel\invis_street.sli
999142606
-
-
Splines\SMV Studios\ADDON_SimpleStreets\RQ_10,5_2spur_7,5m_Sidewalk.sli
1047334011
-
-
Splines\SMV Studios\ADDON_SimpleStreets\RQ_20_4_spur_15m_narrow_Sidewalk.sli
1048803973
-
-
Splines\Terrain Spline\12mTerrain_SplineDARK.sli
1394774799
-
-
Splines\Yufa\25cm_N_line.sli
1115863074
-
-
Splines\Yufa\bussteig004.sli
1077390461
-
-
Splines\Yufa\bussteig004noppl.sli
1361799399
-
-
