Sceneryobjects\Buildings_MC\bw_einkaufszentrum_1.sco
1344352420
1344352420
-1
Sceneryobjects\SMV Studios\Road Objects\ADDON_SimpleStreets\RQ_10,5_to_15,5_Start.sco
1047956713
1047956713
-1
Sceneryobjects\SMV Studios\Road Objects\ADDON_SimpleStreets\RQ_15,5_3spur_11,5m_Sidewalk_junct.sco
1047956107
1047956107
-1
Sceneryobjects\SMV Studios\Road Objects\ADDON_SimpleStreets\RQ_9,5_to_10,5.sco
1047956073
1047956073
-1
Sceneryobjects\SMV Studios\Route Hints V5\arrow_leftA.sco
1398646342
1398646342
-1
Sceneryobjects\SMV Studios\Route Hints V5\arrow_upA.sco
1398646342
1398646342
-1
Sceneryobjects\Streetobjects_RUE\neonlight_M_whip_S.sco
1167985958
1167985958
-1
Sceneryobjects\Streetobjects_RUE\sodiumlight_L_break_L.sco
1344352908
1344352908
-1
Sceneryobjects\Trees_MC\shrubbery_03_20.sco
1361799459
1361799459
-1
Sceneryobjects\Trees_MC\tree_large_03.sco
1361799459
1361799459
-1
Sceneryobjects\Trees_MC\tree_large_06.sco
1361799459
1361799459
-1
Sceneryobjects\Trees_MC\tree_medium_01.sco
1361799459
1361799459
-1
Sceneryobjects\Trees_MC\tree_medium_03.sco
1361799459
1361799459
-1
Sceneryobjects\Trees_MC\tree_medium_04.sco
1361799459
1361799459
-1
Sceneryobjects\Trees_MC\tree_medium_05.sco
1361799459
1361799459
-1
Splines\SMV Studios\ADDON_SimpleStreets\RQ_15,5_2spur_11,5m_Sidewalk.sli
1047626548
-
-
Splines\SMV Studios\ADDON_SimpleStreets\RQ_9,5_2spur_6,5m_Sidewalk.sli
1047229193
-
-
