Sceneryobjects\Generic\bus_stop.sco
1395037235
1395037235
-1
Sceneryobjects\Generic\entrypoint_bus.sco
1395037235
1395037235
-1
Sceneryobjects\Generic\people_standing_small.sco
1395037235
1395037235
-1
Sceneryobjects\Generic\routearrow_L.sco
1395037235
1395037235
-1
Sceneryobjects\Generic\routearrows_busstop.sco
1395037235
1395037235
-1
Sceneryobjects\More Trees Addon\TropicalTree2.sco
1124477451
1124477451
-1
Sceneryobjects\More Trees Addon\TropicalTree3.sco
1124477454
1124477454
-1
Sceneryobjects\RRTS_Studios\busstopdisplay\BusstopDisplay.sco
1193185927
1193185927
-1
Sceneryobjects\Streetobjects_RUE\sodiumlight_2L_break_L.sco
1344352908
1344352908
-1
Sceneryobjects\Streetobjects_RUE\sodiumlight_L_break_L.sco
1344352908
1344352908
-1
Sceneryobjects\woodlands_city_gg2\ggairport\ggapt_fence_piece.sco
1122283586
1122283586
-1
Sceneryobjects\woodlands_city_gg2\ggairport\ggapt_fence_post.sco
1122284200
1122284200
-1
Splines\Marcel\invis_human.sli
1085057041
-
-
Splines\Marcel\invis_street.sli
999142606
-
-
Splines\Terrain Spline\10mTerrain_Spline.sli
1361799397
-
-
Splines\Terrain Spline\20mTerrain_Spline.sli
1361799397
-
-
Splines\Yufa\bussteig004.sli
1077390461
-
-
Splines\Yufa\normal_line.sli
1058611757
-
-
Splines\Yufa\seb_line.sli
1361798858
-
-
