Sceneryobjects\ADDON_SimpleStreets\RQ_10,5_2spur_7,5m_Bridge_Oneway.sli
1049498684
-
-
Sceneryobjects\ADDON_SimpleStreets\RQ_28.sli
1048411084
-
-
Sceneryobjects\ADDON_SimpleStreets\RQ_28_Bridge.sli
1049494701
-
-
Sceneryobjects\Fellowsfilm Objects\British Traffic Light Pack\LED traffic lights\Ampel_Kfz_Oh_1.sco
1162255383
1162255383
-1
Sceneryobjects\Generic\routearrow_dn.sco
1395037235
1395037235
-1
Sceneryobjects\Generic\routearrow_L.sco
1395037235
1395037235
-1
Sceneryobjects\Generic\routearrow_R.sco
1395037235
1395037235
-1
Sceneryobjects\SMV Studios\Road Objects\ADDON_SimpleStreets\RQ_20n_w9,5_SideWide_CrossOne.sco
1115192399
1115192399
-1
Sceneryobjects\SMV Studios\Route Hints V5\arrow_upA.sco
1398646342
1398646342
-1
Sceneryobjects\Streetobjects_RUE\neonlight_L_whip_L.sco
1344352907
1344352907
-1
Sceneryobjects\Streetobjects_RUE\whip_beam.sco
1344352916
1344352916
-1
Sceneryobjects\woodlands_city_gg2\highway_bridge4.sco
1112307501
1112307501
-1
Splines\ADDON_SimpleStreets\RQ_36_Entry_End.sco
1049855312
1049855312
-1
Splines\ADDON_SimpleStreets\RQ_36_Entry_Start_Double.sco
1049855470
1049855470
-1
Splines\ADDON_SimpleStreets\RQ_36_Exit_End_Double.sco
1049855751
1049855751
-1
Splines\ADDON_SimpleStreets\RQ_36_Exit_Start.sco
1049855382
1049855382
-1
Splines\SMV Studios\ADDON_SimpleStreets\RQ_20_4_spur_15m_narrow_Sidewalk.sli
1048803973
-
-
