Sceneryobjects\ADDON_SimpleStreets\RQ_9,5_2spur_6,5m_Sidewalk_junct_forbus.sco
1047956035
1047956035
-1
Sceneryobjects\ADDON_SimpleStreets\RQ_9,5_to_10,5.sco
1047956073
1047956073
-1
Sceneryobjects\Buildings_MC\buro_01.sco
1344352413
1344352413
-1
Sceneryobjects\Buildings_MC\buro_02.sco
1344352413
1344352413
-1
Sceneryobjects\Buildings_MC\bw_business_01.sco
1344352420
1344352420
-1
Sceneryobjects\Buildings_MC\oth_elek_1.sco
1344352473
1344352473
-1
Sceneryobjects\Generic\bus_stop.sco
1395037235
1395037235
-1
Sceneryobjects\Generic\people_standing_small.sco
1395037235
1395037235
-1
Sceneryobjects\Generic\routearrow_L.sco
1395037235
1395037235
-1
Sceneryobjects\Streetobjects_RUE\Busstop_Name_Timetable_1.sco
1344352890
1344352890
-1
Sceneryobjects\Streetobjects_RUE\neonlight_L_whip_L.sco
1344352907
1344352907
-1
Splines\ADDON_SimpleStreets\RQ_10,5_2spur_7,5m_Sidewalk.sli
1047334011
-
-
