Sceneryobjects\ADDON_SimpleStreets\RQ_20_4_spur_15m_narrow_Sidewalk.sli
1048806022
-
-
Sceneryobjects\Buildings_MC\bw_hoch_10.sco
1167985828
1167985828
-1
Sceneryobjects\Buildings_MC\bw_hoch_15.sco
1344352422
1344352422
-1
Sceneryobjects\Generic\bus_stop.sco
1395037235
1395037235
-1
Sceneryobjects\Generic\routearrows_busstop.sco
1395037235
1395037235
-1
Sceneryobjects\Streetobjects_RUE\Busstop_Name_Timetable_2.sco
1344352890
1344352890
-1
Sceneryobjects\Streetobjects_RUE\neonlight_L_whip_L.sco
1344352907
1344352907
-1
Sceneryobjects\Trees_MC\tree_large_06.sco
1361799459
1361799459
-1
