Sceneryobjects\Buildings_MC\bw_einkaufszentrum_1.sco
1344352420
1344352420
-1
Sceneryobjects\Buildings_MC\bw_einkaufszentrum_2.sco
1344352421
1344352421
-1
Sceneryobjects\Buildings_MC\bw_hoch_07.sco
1344352421
1344352421
-1
Sceneryobjects\Buildings_MC\bw_hoch_07B.sco
1167985890
1167985890
-1
Sceneryobjects\Generic\bus_stop.sco
1395037235
1395037235
-1
Sceneryobjects\Generic\entrypoint_bus.sco
1395037235
1395037235
-1
Sceneryobjects\Generic\people_standing_small.sco
1395037235
1395037235
-1
Sceneryobjects\SMRTG Studios\Route Hints V3\arrow_busStop.sco
1381000008
1381000008
-1
Sceneryobjects\SMV Studios\Balmoral ITH\Berth_P.sco
1298108536
1298108536
-1
Sceneryobjects\SMV Studios\Balmoral ITH\BITH.sco
1414225691
1414225691
-1
Sceneryobjects\SMV Studios\Road Objects\ADDON_SimpleStreets\RQ_20n_Busstop001.sco
1053014247
1053014247
-1
Sceneryobjects\SMV Studios\Route Hints V5\arrow_rightA.sco
1398646342
1398646342
-1
Sceneryobjects\SMV Studios\Route Hints V5\arrow_upA.sco
1398646342
1398646342
-1
Sceneryobjects\SMV Studios\SMRTG Displays V3.1\For Strides\Balmoral Interchange\Display Screen.sco
1313453702
1313453702
-1
Sceneryobjects\SMV Studios\SMRTG Displays V3.1\For Strides\Balmoral Interchange\Display ScreenText.sco
1301808947
1301808947
-1
Sceneryobjects\Streetobjects_RUE\neonlight_M_whip_S.sco
1167985958
1167985958
-1
Sceneryobjects\Trees_MC\shrubbery_04_20.sco
1361799459
1361799459
-1
Sceneryobjects\Trees_MC\tree_large_02.sco
1361799459
1361799459
-1
Sceneryobjects\Trees_MC\tree_large_05.sco
1361799459
1361799459
-1
Splines\Marcel\invis_human.sli
1085057041
-
-
Splines\Marcel\invis_street.sli
999142606
-
-
Splines\SMV Studios\ADDON_SimpleStreets\RQ_20_4_spur_15m_narrow_Sidewalk.sli
1048803973
-
-
Splines\SMV Studios\ADDON_SimpleStreets\str_2spur_8m_TypAltonaer_Emil.sli
1045675648
-
-
Splines\Yufa\bussteig004noppl.sli
1361799399
-
-
Splines\Yufa\normal_line.sli
1058611757
-
-
