Sceneryobjects\ADDON_SimpleStreets\RQ_10,5_1spur.sli
1048387841
-
-
Sceneryobjects\ADDON_SimpleStreets\RQ_10,5_2spur_7,5m_Bridge_Oneway.sli
1049498684
-
-
Sceneryobjects\ADDON_SimpleStreets\RQ_10,5_2spur_7,5m_Oneway.sli
1049496909
-
-
Sceneryobjects\ADDON_SimpleStreets\RQ_10,5_SingleSplitter1to2.sco
1052016987
1052016987
-1
Sceneryobjects\ADDON_SimpleStreets\RQ_10,5_SingleSplitter2to1.sco
1052017012
1052017012
-1
Sceneryobjects\Generic\routearrow_dn.sco
1395037235
1395037235
-1
Sceneryobjects\woodlands_city_gg2\highway_bridge.sco
1112307493
1112307493
-1
