Sceneryobjects\Buildings_MC\bw_hoch_23B.sco
1344352423
1344352423
-1
Sceneryobjects\Buildings_MC\bw_hoch_23D.sco
1344352423
1344352423
-1
Sceneryobjects\SMV Studios\Road Objects\ADDON_SimpleStreets\RQ_20n_to_28.sco
1049132494
1049132494
-1
Sceneryobjects\SMV Studios\Road Objects\ADDON_SimpleStreets\RQ_28_Entry_End.sco
1048950455
1048950455
-1
Splines\SMV Studios\ADDON_SimpleStreets\RQ_20_4_spur_15m_narrow_Sidewalk.sli
1048803973
-
-
Splines\SMV Studios\ADDON_SimpleStreets\RQ_28.sli
1048409035
-
-
