Sceneryobjects\ADDON_SimpleStreets\RQ_9,5_to_10,5.sco
1047956073
1047956073
-1
Sceneryobjects\Buildings_MC\buro_01.sco
1344352413
1344352413
-1
Sceneryobjects\Buildings_MC\bw_business_01B.sco
1344352420
1344352420
-1
Sceneryobjects\Generic\bus_stop.sco
1395037235
1395037235
-1
Sceneryobjects\Generic\people_standing_small.sco
1395037235
1395037235
-1
Sceneryobjects\SMRTG Studios\Route Hints V3\arrow_busStop.sco
1381000008
1381000008
-1
Sceneryobjects\SMV Studios\Bus Stop Pole V5\BS Pole.sco
1391175685
1391175685
-1
Sceneryobjects\SMV Studios\Road Objects\ADDON_SimpleStreets\RQ_9,5_2spur_6,5m_Sidewalk_cross_forbus4.sco
1049140883
1049140883
-1
Sceneryobjects\SMV Studios\Road Objects\ADDON_SimpleStreets\RQ_9,5_to_10,5.sco
1047956073
1047956073
-1
Sceneryobjects\SMV Studios\Route Hints V5\arrow_leftA.sco
1398646342
1398646342
-1
Sceneryobjects\Streetobjects_RUE\neonlight_L_whip_L.sco
1344352907
1344352907
-1
Sceneryobjects\Streetobjects_RUE\neonlight_M_whip_S.sco
1167985958
1167985958
-1
Splines\ADDON_SimpleStreets\RQ_10,5_2spur_7,5m_Sidewalk.sli
1047334011
-
-
Splines\SMV Studios\ADDON_SimpleStreets\RQ_10,5_2spur_7,5m_Sidewalk.sli
1047334011
-
-
