Sceneryobjects\ADDON_SimpleStreets\RQ_9,5_to_10,5.sco
1047956073
1047956073
-1
Sceneryobjects\Buildings_RUE\Omnibushof_S_1.sco
1344352632
1344352632
-1
Sceneryobjects\Generic\bus_stop.sco
1395037235
1395037235
-1
Sceneryobjects\Generic\entrypoint_bus.sco
1395037235
1395037235
-1
Sceneryobjects\Generic\people_standing_small.sco
1395037235
1395037235
-1
Sceneryobjects\Streetobjects_MC\rw_digging.sco
1344352878
1344352878
-1
Sceneryobjects\Streetobjects_MC\rw_heap_1.sco
1344352878
1344352878
-1
Sceneryobjects\Streetobjects_RUE\Busstop_Name_Timetable_1.sco
1344352890
1344352890
-1
Sceneryobjects\Streetobjects_RUE\neonlight_L_whip_L.sco
1344352907
1344352907
-1
Sceneryobjects\Trees_MC\shrubbery_03_20.sco
1361799459
1361799459
-1
Sceneryobjects\Trees_MC\tree_large_05.sco
1361799459
1361799459
-1
Splines\ADDON_SimpleStreets\RQ_10,5_1spur.sli
1048385792
-
-
Splines\ADDON_SimpleStreets\RQ_10,5_2spur_7,5m_Sidewalk.sli
1047334011
-
-
Splines\invis_sidewalk.sli
1368090194
-
-
Splines\Marcel\invis_human.sli
1085057041
-
-
Splines\Marcel\str_2spur_13m_Omnibushof.sli
1344353085
-
-
