Sceneryobjects\Generic\bus_stop.sco
1395037235
1395037235
-1
Sceneryobjects\Generic\people_standing_small.sco
1395037235
1395037235
-1
Sceneryobjects\Pub arrêt de bus\Bus Hut Pub10\hst_wartehaus_alt01.sco
1059932021
1059932021
-1
Sceneryobjects\Pub arrêt de bus\Bus Hut Pub27\hst_wartehaus_alt01.sco
1067340951
1067340951
-1
Sceneryobjects\Pub arrêt de bus\Bus Hut Pub5\hst_wartehaus_alt01.sco
1056677568
1056677568
-1
Sceneryobjects\Pub arrêt de bus\Bus Hut Pub6\hst_wartehaus_alt01.sco
1056677572
1056677572
-1
Sceneryobjects\Pub arrêt de bus\Bus Hut Pub8\hst_wartehaus_alt01.sco
1056677579
1056677579
-1
Sceneryobjects\Streetobjects_RUE\Busstop_Name_Timetable_4.sco
1344352890
1344352890
-1
Sceneryobjects\Streetobjects_RUE\neonlight_L_whip_L.sco
1344352907
1344352907
-1
Splines\ADDON_SimpleStreets\RQ_10,5_2spur_7,5m_Sidewalk.sli
1047334011
-
-
