Sceneryobjects\Buildings_MC\bw_60s_01.sco
1344352418
1344352418
-1
Sceneryobjects\Buildings_MC\bw_60s_03.sco
1344352418
1344352418
-1
Sceneryobjects\Buildings_MC\bw_row50s_02A.sco
1344352428
1344352428
-1
Sceneryobjects\Generic\bus_stop.sco
1395037235
1395037235
-1
Sceneryobjects\Generic\people_standing_small.sco
1395037235
1395037235
-1
Sceneryobjects\SMRTG Studios\Route Hints V3\arrow_busStop.sco
1381000008
1381000008
-1
Sceneryobjects\SMRTG Studios\SMV Bus Stop\smv_busstop.sco
1377940020
1377940020
-1
Sceneryobjects\SMV Studios\Bus Stop Pole V5\BS Pole.sco
1391175685
1391175685
-1
Sceneryobjects\Streetobjects_RUE\neonlight_M_whip_S.sco
1167985958
1167985958
-1
Sceneryobjects\Trees_MC\shrubbery_03_20.sco
1361799459
1361799459
-1
Sceneryobjects\Trees_MC\tree_large_05.sco
1361799459
1361799459
-1
Sceneryobjects\Trees_MC\tree_large_06.sco
1361799459
1361799459
-1
Splines\SMV Studios\ADDON_SimpleStreets\RQ_9,5_2spur_6,5m_Sidewalk.sli
1047229193
-
-
