Sceneryobjects\Aiport Map\Terminals\Terminal Ecke.sco
1157530592
1157530592
-1
Sceneryobjects\Streetobjects_RUE\neonlight_L_bend_L.sco
1344352907
1344352907
-1
Sceneryobjects\Trees_MC\tree_large_03.sco
1361799459
1361799459
-1
Sceneryobjects\Trees_MC\Tree_Small_07.sco
1361799460
1361799460
-1
Splines\Marcel\invis_street.sli
999142606
-
-
Splines\Terrain Spline\10mTerrain_Spline.sli
1361799397
-
-
Splines\Terrain Spline\20mTerrain_Spline.sli
1361799397
-
-
Splines\Yufa\bussteig004.sli
1077390461
-
-
Splines\Yufa\seb_line.sli
1361798858
-
-
