Sceneryobjects\ADDON_SimpleStreets\RQ_10,5_1spur.sli
1048387841
-
-
Sceneryobjects\ADDON_SimpleStreets\RQ_10,5_2spur_7,5m_Bridge_Oneway.sli
1049498684
-
-
Sceneryobjects\ADDON_SimpleStreets\RQ_10,5_2spur_7,5m_Oneway.sli
1049496909
-
-
Sceneryobjects\ADDON_SimpleStreets\RQ_10,5_Splitter1.sco
1056835940
1056835940
-1
Sceneryobjects\ADDON_SimpleStreets\RQ_20_4_spur_15m_narrow_Sidewalk.sli
1048806022
-
-
Sceneryobjects\ADDON_SimpleStreets\RQ_20n_Busstop004.sco
1053014932
1053014932
-1
Sceneryobjects\ADDON_SimpleStreets\RQ_20n_w9,5_SideWide_CrossOne.sco
1115192399
1115192399
-1
Sceneryobjects\ADDON_SimpleStreets\RQ_28.sli
1048411084
-
-
Sceneryobjects\Buildings_MC\bw_hoch_07B.sco
1167985890
1167985890
-1
Sceneryobjects\Fellowsfilm Objects\British Traffic Light Pack\LED traffic lights\Ampel_Fg_Warn_1.sco
1162255383
1162255383
-1
Sceneryobjects\Fellowsfilm Objects\Signs\Railings\Ped Railings.sco
1162255387
1162255387
-1
Sceneryobjects\Generic\bus_stop.sco
1395037235
1395037235
-1
Sceneryobjects\Generic\people_standing_small.sco
1395037235
1395037235
-1
Sceneryobjects\Generic\routearrow_dn.sco
1395037235
1395037235
-1
Sceneryobjects\Generic\routearrow_L.sco
1395037235
1395037235
-1
Sceneryobjects\Generic\routearrow_R.sco
1395037235
1395037235
-1
Sceneryobjects\Generic\routearrows_busstop.sco
1395037235
1395037235
-1
Sceneryobjects\RRTS_Studios\Bus_Stop\rrts_bs_01.sco
1191548454
1191548454
-1
Sceneryobjects\RRTS_Studios\busstopdisplay\BusstopDisplay.sco
1193185927
1193185927
-1
Sceneryobjects\Streetobjects_RUE\Busstop_Name_Timetable_4.sco
1344352890
1344352890
-1
Sceneryobjects\Streetobjects_RUE\neonlight_L_bend_L.sco
1344352907
1344352907
-1
Sceneryobjects\Streetobjects_RUE\single_pole.sco
1167985956
1167985956
-1
Sceneryobjects\Streetobjects_RUE\sodiumlight_2L_break_L.sco
1344352908
1344352908
-1
Sceneryobjects\Streetobjects_RUE\sodiumlight_L_break_L.sco
1344352908
1344352908
-1
Sceneryobjects\woodlands_city_gg2\highway_bridge.sco
1112307493
1112307493
-1
Splines\Yufa\BUS_text_s.sli
1062153485
-
-
Splines\Yufa\bussteig004.sli
1077390461
-
-
