Sceneryobjects\ABB\electric_module.sco
1390836429
1390836429
-1
Sceneryobjects\ABB\pantograph_down_exp2.sco
1396506818
1396506818
-1
Sceneryobjects\Addon_British-Style_Road_Markings\Road_Destination_Mark_3line.sco
1397644558
1397644558
-1
Sceneryobjects\Buildings_MC\bw_60s_02A.sco
1344352418
1344352418
-1
Sceneryobjects\Buildings_MC\bw_hoch_10.sco
1167985828
1167985828
-1
Sceneryobjects\Buildings_MC\Ubahn_Rsp_06.sco
1344352621
1344352621
-1
Sceneryobjects\Generic\bus_stop.sco
1395037235
1395037235
-1
Sceneryobjects\Generic\entrypoint_bus.sco
1395037235
1395037235
-1
Sceneryobjects\Generic\people_standing_small.sco
1395037235
1395037235
-1
Sceneryobjects\RRTS_Studios\busstopdisplay\BusstopDisplay.sco
1193185927
1193185927
-1
Sceneryobjects\SMRTG Studios\Route Hints V3\arrow_busStop.sco
1381000008
1381000008
-1
Sceneryobjects\SMV Studios\Bus Logo\BS Logo.sco
1390657187
1390657187
-1
Sceneryobjects\SMV Studios\Bus Stop Pole V5\BS Pole.sco
1391175685
1391175685
-1
Sceneryobjects\SMV Studios\LTA Bus Stop V4\smrtg_sbsmrt.sco
1412084418
1412084418
-1
Sceneryobjects\SMV Studios\Road Objects\ADDON_SimpleStreets\RQ_20n_to_10,5.sco
1049134507
1049134507
-1
Sceneryobjects\SMV Studios\Road Objects\ADDON_SimpleStreets\RQ_9,5_2spur_6,5m_Sidewalk_junct_forbus.sco
1047956035
1047956035
-1
Sceneryobjects\SMV Studios\Road Objects\ADDON_SimpleStreets\RQ_9,5_to_10,5.sco
1047956073
1047956073
-1
Sceneryobjects\SMV Studios\Route Hints V5\arrow_rightA.sco
1398646342
1398646342
-1
Sceneryobjects\SMV Studios\SMV Displays V4 - Stand\EGV\Display Screen-EGV.sco
1414763241
1414763241
-1
Sceneryobjects\SMV Studios\SMV Displays V4 - Stand\EGV\Display ScreenText.sco
1414763410
1414763410
-1
Sceneryobjects\Streetobjects_MC\bollard_metal_1.sco
1344352872
1344352872
-1
Sceneryobjects\Streetobjects_RUE\neonlight_L_whip_L.sco
1344352907
1344352907
-1
Sceneryobjects\Streetobjects_RUE\neonlight_M_whip_S.sco
1167985958
1167985958
-1
Sceneryobjects\Streetobjects_RUE\single_pole.sco
1167985956
1167985956
-1
Sceneryobjects\Trees_MC\tree_large_05.sco
1361799459
1361799459
-1
Sceneryobjects\Trees_MC\tree_large_06.sco
1361799459
1361799459
-1
Sceneryobjects\Trees_MC\tree_medium_05.sco
1361799459
1361799459
-1
Splines\SMV Studios\ADDON_SimpleStreets\RQ_10,5_2spur_7,5m_Sidewalk.sli
1047334011
-
-
Splines\SMV Studios\ADDON_SimpleStreets\RQ_20_4_spur_15m_narrow_Sidewalk.sli
1048803973
-
-
Splines\SMV Studios\ADDON_SimpleStreets\RQ_9,5_2spur_6,5m_Sidewalk.sli
1047229193
-
-
Splines\Yufa\normal_line.sli
1058611757
-
-
Splines\Yufa\wait_line.sli
1059556352
-
-
Splines\Yufa\work_line_12cm.sli
1097498190
-
-
