Sceneryobjects\ADDON_SimpleStreets\RQ_10,5_2spur_7,5m_Oneway.sli
1049496909
-
-
Sceneryobjects\ADDON_SimpleStreets\RQ_36_Entry_End.sco
1049855312
1049855312
-1
Sceneryobjects\ADDON_SimpleStreets\RQ_36_Entry_Start_Double.sco
1049855470
1049855470
-1
Sceneryobjects\ADDON_SimpleStreets\RQ_36_EntryExit_Straight.sco
1049855593
1049855593
-1
Sceneryobjects\Buildings_MC\bw_hoch_06.sco
1167985821
1167985821
-1
Sceneryobjects\Buildings_MC\bw_hoch_07.sco
1344352421
1344352421
-1
Sceneryobjects\Buildings_MC\bw_hoch_07B.sco
1167985890
1167985890
-1
Sceneryobjects\Buildings_MC\bw_hoch_09.sco
1167985890
1167985890
-1
Sceneryobjects\Helferlein_Objekte\Buegel2f.sco
1395155076
1395155076
-1
Sceneryobjects\Helferlein_Objekte\Buegel3f.sco
1395155076
1395155076
-1
Sceneryobjects\Helferlein_Objekte\SG_2f_FG.sco
1395155076
1395155076
-1
Sceneryobjects\Helferlein_Objekte\SG_3f_Kfz.sco
1395155076
1395155076
-1
Sceneryobjects\SMV Studios\Road Objects\ADDON_SimpleStreets\RQ_20n_w9,5_SideWide_Junct_A.sco
1115583319
1115583319
-1
Sceneryobjects\SMV Studios\Route Hints V4\arrow_leftA.sco
1392487836
1392487836
-1
Sceneryobjects\SMV Studios\Route Hints V4\arrow_upA.sco
1397710631
1397710631
-1
Sceneryobjects\SMV Studios\Route Hints V5\arrow_rightA.sco
1398646342
1398646342
-1
Sceneryobjects\SMV Studios\Route Hints V5\arrow_upA.sco
1398646342
1398646342
-1
Sceneryobjects\Streetobjects_RUE\neonlight_M_whip_S.sco
1167985958
1167985958
-1
Sceneryobjects\Streetobjects_RUE\single_pole.sco
1167985956
1167985956
-1
Sceneryobjects\Streetobjects_RUE\whip_beam.sco
1344352916
1344352916
-1
Sceneryobjects\Trees_MC\tree_large_06.sco
1361799459
1361799459
-1
Splines\ADDON_SimpleStreets\RQ_36.sli
1049852661
-
-
Splines\ADDON_SimpleStreets\RQ_36_Exit_End_Double.sco
1049855751
1049855751
-1
Splines\ADDON_SimpleStreets\RQ_36_Exit_Start.sco
1049855382
1049855382
-1
Splines\SMV Studios\ADDON_SimpleStreets\RQ_10,5_2spur_7,5m_Sidewalk.sli
1047334011
-
-
Splines\SMV Studios\ADDON_SimpleStreets\RQ_20_4_spur_15m_narrow_Sidewalk.sli
1048803973
-
-
