Sceneryobjects\ADDON_SimpleStreets\RQ_15,5_2spur_11,5m_Sidewalk.sli
1047630645
-
-
Sceneryobjects\ADDON_SimpleStreets\RQ_9,5_2spur_6,5m_Sidewalk.sli
1047233290
-
-
Sceneryobjects\Buildings_MC\bw_hoch_10B.sco
1167985891
1167985891
-1
Sceneryobjects\Generic\bus_stop.sco
1395037235
1395037235
-1
Sceneryobjects\Generic\people_standing_small.sco
1395037235
1395037235
-1
Sceneryobjects\Helferlein_Objekte\Buegel2f.sco
1395155076
1395155076
-1
Sceneryobjects\Helferlein_Objekte\Buegel3f.sco
1395155076
1395155076
-1
Sceneryobjects\Helferlein_Objekte\SG_2f_FG.sco
1395155076
1395155076
-1
Sceneryobjects\Helferlein_Objekte\SG_3f_Kfz.sco
1395155076
1395155076
-1
Sceneryobjects\SMRTG Studios\Route Hints V3\arrow_busStop.sco
1381000008
1381000008
-1
Sceneryobjects\SMRTG Studios\SMV Bus Stop\smv_busstop.sco
1377940020
1377940020
-1
Sceneryobjects\SMV Studios\Bus Stop Pole V5\BS Pole.sco
1391175685
1391175685
-1
Sceneryobjects\SMV Studios\Road Objects\ADDON_SimpleStreets\RQ_10,5_to_15,5_Start.sco
1047956713
1047956713
-1
Sceneryobjects\SMV Studios\Road Objects\ADDON_SimpleStreets\RQ_15,5_3spur_11,5m_Sidewalk_junct3332.sco
1109762377
1109762377
-1
Sceneryobjects\SMV Studios\Route Hints V5\arrow_leftA.sco
1398646342
1398646342
-1
Sceneryobjects\Streetobjects_RUE\neonlight_M_whip_S.sco
1167985958
1167985958
-1
Sceneryobjects\Streetobjects_RUE\single_pole.sco
1167985956
1167985956
-1
Sceneryobjects\Streetobjects_RUE\sodiumlight_L_break_L.sco
1344352908
1344352908
-1
Sceneryobjects\Streetobjects_RUE\sodiumlight_L_whip_L.sco
1344352908
1344352908
-1
Sceneryobjects\Streetobjects_RUE\whip_beam.sco
1344352916
1344352916
-1
Sceneryobjects\Trees_MC\tree_large_05.sco
1361799459
1361799459
-1
Sceneryobjects\Trees_MC\tree_large_06.sco
1361799459
1361799459
-1
Splines\Marcel\invis_human.sli
1085057041
-
-
Splines\Marcel\invis_street.sli
999142606
-
-
Splines\SMV Studios\ADDON_SimpleStreets\RQ_15,5_2spur_11,5m_Sidewalk.sli
1047626548
-
-
