Sceneryobjects\ADDON_SimpleStreets\RQ_9,5_2spur_6,5m_Sidewalk.sli
1047233290
-
-
Sceneryobjects\Buildings_MC\bw_30s_02_C.sco
1344352413
1344352413
-1
Sceneryobjects\Buildings_MC\bw_hoch_11.sco
1344352422
1344352422
-1
Sceneryobjects\Buildings_MC\bw_row30s_02.sco
1344352426
1344352426
-1
Sceneryobjects\Buildings_MC\bw_row30s_03_A.sco
1344352426
1344352426
-1
Sceneryobjects\Buildings_MC\bw_row30s_04.sco
1344352426
1344352426
-1
Sceneryobjects\Generic\bus_stop.sco
1395037235
1395037235
-1
Sceneryobjects\Streetobjects_RUE\sodiumlight_L_break_L.sco
1344352908
1344352908
-1
Sceneryobjects\Trees_MC\tree_medium_06.sco
1361799459
1361799459
-1
Sceneryobjects\Trees_MC\tree_medium_09.sco
1361799459
1361799459
-1
