Sceneryobjects\ADDON_SimpleStreets\RQ_9,5_2spur_6,5m_Sidewalk.sli
1047233290
-
-
Sceneryobjects\ADDON_SimpleStreets\RQ_9,5_2spur_6,5m_Sidewalk_junct_forbus.sco
1047956035
1047956035
-1
Sceneryobjects\Aiport Map\Rollfeld\Airbus380.sco
1151237504
1151237504
-1
Sceneryobjects\Generic\routearrow_dn.sco
1395037235
1395037235
-1
Sceneryobjects\Generic\routearrow_L.sco
1395037235
1395037235
-1
Sceneryobjects\More Trees Addon\PalmTree1.sco
1124336534
1124336534
-1
Sceneryobjects\Streetobjects_RUE\neonlight_M_whip_S.sco
1167985958
1167985958
-1
Sceneryobjects\Streetobjects_RUE\sodiumlight_L_break_L.sco
1344352908
1344352908
-1
Sceneryobjects\woodlands_city_gg2\ggairport\ggapt_fence_piece.sco
1122283586
1122283586
-1
Sceneryobjects\woodlands_city_gg2\ggairport\ggapt_fence_post.sco
1122284200
1122284200
-1
Splines\Marcel\invis_street.sli
999142606
-
-
Splines\Terrain Spline\10mTerrain_Spline.sli
1361799397
-
-
Splines\Terrain Spline\20mTerrain_Spline.sli
1361799397
-
-
Splines\Yufa\bussteig004.sli
1077390461
-
-
