Sceneryobjects\SMV Studios\Road Objects\ADDON_SimpleStreets\RQ_9,5_to_10,5.sco
1047956073
1047956073
-1
Sceneryobjects\SMV Studios\Route Hints V5\arrow_leftA.sco
1398646342
1398646342
-1
Sceneryobjects\Streetobjects_RUE\neonlight_M_whip_S.sco
1167985958
1167985958
-1
Sceneryobjects\Trees_MC\tree_large_02.sco
1361799459
1361799459
-1
Sceneryobjects\Trees_MC\tree_large_05.sco
1361799459
1361799459
-1
Sceneryobjects\woodlands_city_gg2\highway_bridge4.sco
1112307501
1112307501
-1
Splines\SMV Studios\ADDON_SimpleStreets\RQ_10,5_2spur_7,5m_Sidewalk.sli
1047334011
-
-
Splines\SMV Studios\ADDON_SimpleStreets\RQ_20_4_spur_15m_narrow_Sidewalk.sli
1048803973
-
-
Splines\SMV Studios\ADDON_SimpleStreets\RQ_28_Bridge.sli
1049476268
-
-
Splines\SMV Studios\ADDON_SimpleStreets\RQ_9,5_2spur_6,5m_Sidewalk.sli
1047229193
-
-
