Sceneryobjects\Buildings_DF\Traffic_lights\whip_beam.sco
1155991120
1155991120
-1
Sceneryobjects\Helferlein_Objekte\Buegel2f.sco
1395155076
1395155076
-1
Sceneryobjects\Helferlein_Objekte\Buegel3f.sco
1395155076
1395155076
-1
Sceneryobjects\Helferlein_Objekte\SG_2f_FG.sco
1395155076
1395155076
-1
Sceneryobjects\Helferlein_Objekte\SG_3f_Kfz.sco
1395155076
1395155076
-1
Sceneryobjects\SMV Studios\Road Objects\ADDON_SimpleStreets\RQ_20n_w9,5_SideWide_Junct_A.sco
1115583319
1115583319
-1
Sceneryobjects\SMV Studios\Road Objects\ADDON_SimpleStreets\RQ_9,5_to_10,5.sco
1047956073
1047956073
-1
Sceneryobjects\Streetobjects_RUE\neonlight_S_whip_S.sco
1167985954
1167985954
-1
Sceneryobjects\Streetobjects_RUE\single_pole.sco
1167985956
1167985956
-1
Splines\Marcel\invis_street.sli
999142606
-
-
Splines\SMV Studios\ADDON_SimpleStreets\RQ_20_4_spur_15m_narrow_Sidewalk.sli
1048803973
-
-
Splines\Yufa\bussteig004.sli
1077390461
-
-
