Sceneryobjects\ABB\pantograph_down_exp.sco
1396489677
1396489677
-1
Sceneryobjects\ADDON_SimpleStreets\RQ_20_4_spur_15m_narrow_Sidewalk.sli
1048806022
-
-
Sceneryobjects\ADDON_SimpleStreets\RQ_20n_Busstop004.sco
1053004692
1053004692
-1
Sceneryobjects\Fellowsfilm Objects\British Traffic Light Pack\LED traffic lights\Ampel_Kfz_Oh_1.sco
1162255383
1162255383
-1
Sceneryobjects\Fellowsfilm Objects\British Traffic Light Pack\LED traffic lights\Ampel_Mensch_1.sco
1162255383
1162255383
-1
Sceneryobjects\Generic\bus_stop.sco
1395037235
1395037235
-1
Sceneryobjects\Generic\entrypoint_bus.sco
1395037235
1395037235
-1
Sceneryobjects\Generic\people_standing_small.sco
1395037235
1395037235
-1
Sceneryobjects\SMV Studios\Hillview Bus Depot\Bus Wash Shed.sco
1321900637
1321900637
-1
Sceneryobjects\SMV Studios\Hillview Bus Depot\DepotWall.sco
1350528770
1350528770
-1
Sceneryobjects\SMV Studios\Hillview Bus Depot\Refuelling Tank.sco
1314218852
1314218852
-1
Sceneryobjects\SMV Studios\Noise Barriers\Laermschutzwand.sco
1115329800
1115329800
-1
Sceneryobjects\SMV Studios\Road Objects\ADDON_SimpleStreets\RQ_20n_Busstop002.sco
1053014107
1053014107
-1
Sceneryobjects\SMV Studios\Road Objects\ADDON_SimpleStreets\RQ_20n_Busstop004.sco
1053014932
1053014932
-1
Sceneryobjects\SMV Studios\Road Objects\ADDON_SimpleStreets\RQ_20n_w9,5_Sidew_Crossing.sco
1049130511
1049130511
-1
Sceneryobjects\SMV Studios\Route Hints V5\arrow_leftA.sco
1398646342
1398646342
-1
Sceneryobjects\SMV Studios\Route Hints V5\arrow_rightA.sco
1398646342
1398646342
-1
Sceneryobjects\Streetobjects_RUE\neonlight_L_whip_L.sco
1344352907
1344352907
-1
Sceneryobjects\Streetobjects_RUE\single_pole.sco
1167985956
1167985956
-1
Sceneryobjects\Streetobjects_RUE\whip_beam.sco
1344352916
1344352916
-1
Sceneryobjects\Trees_MC\tree_large_01.sco
1361799459
1361799459
-1
Sceneryobjects\Trees_MC\tree_large_02.sco
1361799459
1361799459
-1
Sceneryobjects\Trees_MC\Tree_Small_Nrw_01.sco
1361799460
1361799460
-1
Splines\SMV Studios\ADDON_SimpleStreets\RQ_20_4_spur_15m_narrow_Sidewalk.sli
1048803973
-
-
Splines\SMV Studios\ADDON_SimpleStreets\RQ_9,5_2spur_6,5m_Sidewalk.sli
1047229193
-
-
Splines\Terrain Spline\20mTerrain_Spline.sli
1157909557
-
-
Splines\Yufa\bussteig004.sli
1077374077
-
-
Splines\Yufa\work_line_25cm.sli
1097484462
-
-
Sceneryobjects\Helferlein_Objekte\Buegel2f.sco
1395155076
1395155076
-1
Sceneryobjects\Helferlein_Objekte\Buegel3f.sco
1395155076
1395155076
-1
Sceneryobjects\Helferlein_Objekte\SG_2f_FG.sco
1395155076
1395155076
-1
Sceneryobjects\Helferlein_Objekte\SG_3f_Kfz.sco
1395155076
1395155076
-1
