Sceneryobjects\Addon_British-Style_Road_Markings\Give_Way_Marking.sco
1397644557
1397644557
-1
Sceneryobjects\Buildings_MC\buro_01.sco
1344352413
1344352413
-1
Sceneryobjects\Buildings_MC\bw_business_01.sco
1344352420
1344352420
-1
Sceneryobjects\Buildings_MC\bw_zurheimat.sco
1344352437
1344352437
-1
Sceneryobjects\Fellowsfilm Objects\British Traffic Light Pack\LED traffic lights\Ampel_Kfz_1.sco
1162255383
1162255383
-1
Sceneryobjects\Fellowsfilm Objects\British Traffic Light Pack\LED traffic lights\Ampel_Mensch_1.sco
1162255383
1162255383
-1
Sceneryobjects\Generic\bus_stop.sco
1395037235
1395037235
-1
Sceneryobjects\Generic\people_standing_small.sco
1395037235
1395037235
-1
Sceneryobjects\Helferlein_Objekte\Buegel2f.sco
1395155076
1395155076
-1
Sceneryobjects\Helferlein_Objekte\Buegel3f.sco
1395155076
1395155076
-1
Sceneryobjects\Helferlein_Objekte\SG_2f_FG.sco
1395155076
1395155076
-1
Sceneryobjects\Helferlein_Objekte\SG_3f_Kfz.sco
1395155076
1395155076
-1
Sceneryobjects\SMRTG Studios\Route Hints V3\arrow_busStop.sco
1381000008
1381000008
-1
Sceneryobjects\SMRTG Studios\SMV Bus Stop\smv_busstop.sco
1377940020
1377940020
-1
Sceneryobjects\SMV Studios\Bus Stop Pole V5\BS Pole.sco
1391175685
1391175685
-1
Sceneryobjects\SMV Studios\Road Objects\ADDON_SimpleStreets\HL_GustavRadbruchPlatz - Woodlands City.sco
1216305328
1216305328
-1
Sceneryobjects\SMV Studios\Route Hints V5\arrow_rightA.sco
1398646342
1398646342
-1
Sceneryobjects\SMV Studios\Route Hints V5\arrow_upA.sco
1398646342
1398646342
-1
Sceneryobjects\Streetobjects_RUE\neonlight_2L_bend_L.sco
1344352907
1344352907
-1
Sceneryobjects\Streetobjects_RUE\neonlight_L_bend_L.sco
1344352907
1344352907
-1
Sceneryobjects\Streetobjects_RUE\neonlight_M_whip_S.sco
1167985958
1167985958
-1
Sceneryobjects\Streetobjects_RUE\single_pole.sco
1167985956
1167985956
-1
Sceneryobjects\Streetobjects_RUE\whip_beam.sco
1344352916
1344352916
-1
Sceneryobjects\Trees_MC\shrubbery_03_20.sco
1361799459
1361799459
-1
Sceneryobjects\Trees_MC\tree_avenue_04.sco
1361799459
1361799459
-1
Sceneryobjects\Trees_MC\tree_large_02.sco
1361799459
1361799459
-1
Sceneryobjects\Trees_MC\tree_large_04.sco
1361799459
1361799459
-1
Sceneryobjects\Trees_MC\tree_large_06.sco
1361799459
1361799459
-1
Splines\Marcel\invis_human.sli
1085057041
-
-
Splines\Marcel\invis_street.sli
999142606
-
-
Splines\SMV Studios\ADDON_SimpleStreets\RQ_20_4_spur_15m_narrow_Sidewalk.sli
1048803973
-
-
Splines\SMV Studios\ADDON_SimpleStreets\RQ_9,5_2spur_6,5m_Sidewalk.sli
1047229193
-
-
Splines\Yufa\50cm_normal_line.sli
1097627474
-
-
Splines\Yufa\bussteig004.sli
1077374077
-
-
Splines\Yufa\work_line_50cm.sli
1097487527
-
-
