Sceneryobjects\Buildings_MC\bw_hoch_10B.sco
1167985891
1167985891
-1
Sceneryobjects\Buildings_MC\schleusener_platz.sco
1167985907
1167985907
-1
Sceneryobjects\Buildings_RUE\Haus02c.sco
1210216177
1210216177
-1
Sceneryobjects\Buildings_RUE\Haus02e.sco
1210215897
1210215897
-1
Sceneryobjects\gg\school1.sco
1114077205
1114077205
-1
Sceneryobjects\Streetobjects_RUE\neonlight_S_whip_S.sco
1167985954
1167985954
-1
Sceneryobjects\Trees_MC\tree_medium_01.sco
1361799459
1361799459
-1
Sceneryobjects\Trees_MC\tree_medium_05.sco
1361799459
1361799459
-1
Sceneryobjects\Trees_MC\tree_medium_08.sco
1361799459
1361799459
-1
Sceneryobjects\Trees_MC\tree_medium_09.sco
1361799459
1361799459
-1
Sceneryobjects\woodlands_city_gg2\sport01.sco
1099910513
1099910513
-1
Splines\SMV Studios\ADDON_SimpleStreets\RQ_20_4_spur_15m_narrow_Sidewalk.sli
1048803973
-
-
