Sceneryobjects\Buildings_DF\Traffic_lights\whip_beam.sco
1155991120
1155991120
-1
Sceneryobjects\Buildings_MC\bw_hoch_12.sco
1167985890
1167985890
-1
Sceneryobjects\Buildings_MC\bw_hoch_23A.sco
1167985828
1167985828
-1
Sceneryobjects\Buildings_MC\bw_old_05.sco
1167985891
1167985891
-1
Sceneryobjects\Daytonford\RQ_20n_to_10,5.sco
1361799017
1361799017
-1
Sceneryobjects\Daytonford\RQ_20n_w9,5_SideWide_Junct_A.sco
1115583319
1115583319
-1
Sceneryobjects\Generic\bus_stop.sco
1395037235
1395037235
-1
Sceneryobjects\Helferlein_Objekte\Buegel2f.sco
1395155076
1395155076
-1
Sceneryobjects\Helferlein_Objekte\Buegel3f.sco
1395155076
1395155076
-1
Sceneryobjects\Helferlein_Objekte\SG_2f_FG.sco
1395155076
1395155076
-1
Sceneryobjects\Helferlein_Objekte\SG_3f_Kfz.sco
1395155076
1395155076
-1
Sceneryobjects\Ruede\trees_chestnut02.sco
1210215982
1210215982
-1
Sceneryobjects\SMRTG Studios\Airbitat Bus Stop V2\smrtg_airbitat.sco
1358346459
1358346459
-1
Sceneryobjects\SMRTG Studios\LTA Road Sign\LTARSSM.sco
1330144295
1330144295
-1
Sceneryobjects\SMRTG Studios\Route Hints V3\arrow_busStop.sco
1381000008
1381000008
-1
Sceneryobjects\SMV Studios\Bus Stop Pole V5\BS Pole.sco
1391175685
1391175685
-1
Sceneryobjects\SMV Studios\Road Objects\ADDON_SimpleStreets\RQ_20n_Busstop001.sco
1053014247
1053014247
-1
Sceneryobjects\SMV Studios\Road Objects\ADDON_SimpleStreets\RQ_20n_Busstop002.sco
1053014107
1053014107
-1
Sceneryobjects\SMV Studios\Road Objects\ADDON_SimpleStreets\RQ_20n_to_10,5.sco
1049134507
1049134507
-1
Sceneryobjects\SMV Studios\Road Objects\ADDON_SimpleStreets\RQ_20n_w9,5_SideWide_Cross_A.sco
1115583360
1115583360
-1
Sceneryobjects\SMV Studios\Route Hints V4\arrow_rightA.sco
1392487826
1392487826
-1
Sceneryobjects\SMV Studios\Route Hints V4\arrow_upA.sco
1392487831
1392487831
-1
Sceneryobjects\Streetobjects_RUE\neonlight_M_whip_S.sco
1167985958
1167985958
-1
Sceneryobjects\Streetobjects_RUE\neonlight_S_whip_S.sco
1167985954
1167985954
-1
Sceneryobjects\Streetobjects_RUE\single_pole.sco
1167985956
1167985956
-1
Sceneryobjects\Trees_MC\Buttercup_01.sco
1111932516
1111932516
-1
Sceneryobjects\Trees_MC\Poppies_01.sco
1086466874
1086466874
-1
Sceneryobjects\Trees_MC\RHD_tree_large_03.sco
1361799459
1361799459
-1
Sceneryobjects\Trees_MC\tree_avenue_02.sco
1361799459
1361799459
-1
Splines\Daytonford\RQ_20_4_spur_15m_narrow_Sidewalk.sli
1361798682
-
-
Splines\Marcel\invis_street.sli
999142606
-
-
Splines\SMV Studios\ADDON_SimpleStreets\RQ_20_4_spur_15m_narrow_Sidewalk.sli
1048803973
-
-
Splines\Yufa\bussteig004.sli
1077390461
-
-
