Sceneryobjects\Buildings_MC\oth_elek_1.sco
1344352473
1344352473
-1
Sceneryobjects\Busdriver1997_OBJ\Autobahn\Klein_AS.sco
1153333261
1153333261
-1
Sceneryobjects\Busdriver1997_OBJ\Autobahn\Mast_Metall.sco
1153333276
1153333276
-1
Sceneryobjects\Busdriver1997_OBJ\Autobahn_Sonderzeichen\Piktogrammfeld_breit.sco
1148090076
1148090076
-1
Sceneryobjects\Fellowsfilm Objects\Signs\Railings\Ped Railings.sco
1162255387
1162255387
-1
Sceneryobjects\Generic\entrypoint_bus.sco
1395037235
1395037235
-1
Sceneryobjects\Helferlein_Objekte\Buegel2f.sco
1395155076
1395155076
-1
Sceneryobjects\Helferlein_Objekte\Buegel3f.sco
1395155076
1395155076
-1
Sceneryobjects\Helferlein_Objekte\SG_2f_FG.sco
1395155076
1395155076
-1
Sceneryobjects\Helferlein_Objekte\SG_3f_Kfz.sco
1395155076
1395155076
-1
Sceneryobjects\SMV Studios\Road Objects\ADDON_SimpleStreets\RQ_20n_w9,5_SideWide_CrossOne.sco
1115192399
1115192399
-1
Sceneryobjects\SMV Studios\Road Objects\ADDON_SimpleStreets\RQ_28_Entry_End.sco
1048950455
1048950455
-1
Sceneryobjects\SMV Studios\Road Objects\ADDON_SimpleStreets\RQ_28_Entry_Start_Double.sco
1049496480
1049496480
-1
Sceneryobjects\SMV Studios\Road Objects\ADDON_SimpleStreets\RQ_28_Exit_End_Double.sco
1049495889
1049495889
-1
Sceneryobjects\SMV Studios\Road Objects\ADDON_SimpleStreets\RQ_28_Exit_Start.sco
1048950816
1048950816
-1
Sceneryobjects\SMV Studios\Route Hints V5\arrow_rightA.sco
1398646342
1398646342
-1
Sceneryobjects\SMV Studios\Route Hints V5\arrow_upA.sco
1398646342
1398646342
-1
Sceneryobjects\Streetobjects_RUE\neonlight_2L_bend_L.sco
1344352907
1344352907
-1
Sceneryobjects\Streetobjects_RUE\neonlight_L_bend_L.sco
1344352907
1344352907
-1
Sceneryobjects\Streetobjects_RUE\neonlight_L_whip_L.sco
1344352907
1344352907
-1
Sceneryobjects\Streetobjects_RUE\neonlight_M_whip_S.sco
1167985958
1167985958
-1
Sceneryobjects\Streetobjects_RUE\single_pole.sco
1167985956
1167985956
-1
Sceneryobjects\Streetobjects_RUE\sodiumlight_2L_break_L.sco
1344352908
1344352908
-1
Sceneryobjects\Streetobjects_RUE\whip_beam.sco
1344352916
1344352916
-1
Sceneryobjects\Trees_MC\shrubbery_04_20.sco
1361799459
1361799459
-1
Sceneryobjects\Trees_MC\tree_avenue_01.sco
1361799459
1361799459
-1
Sceneryobjects\Trees_MC\tree_avenue_02.sco
1361799459
1361799459
-1
Sceneryobjects\Trees_MC\tree_large_05.sco
1361799459
1361799459
-1
Sceneryobjects\Trees_MC\tree_large_06.sco
1361799459
1361799459
-1
Sceneryobjects\Trees_MC\Tree_Small_07.sco
1361799460
1361799460
-1
Sceneryobjects\Trees_MC\Tree_Small_08.sco
1361799460
1361799460
-1
Splines\Joern95\Autobahn\Betonbegrenzung.sli
1154186690
-
-
Splines\Joern95\Autobahn\Betonmauer.sli
1154042516
-
-
Splines\SMV Studios\ADDON_SimpleStreets\RQ_10,5_2spur_7,5m_Bridge_Oneway.sli
1049496635
-
-
Splines\SMV Studios\ADDON_SimpleStreets\RQ_10,5_2spur_7,5m_Oneway.sli
1049494860
-
-
Splines\SMV Studios\ADDON_SimpleStreets\RQ_20_4_spur_15m_narrow_Sidewalk.sli
1048803973
-
-
Splines\SMV Studios\ADDON_SimpleStreets\RQ_28.sli
1048409035
-
-
Splines\SMV Studios\ADDON_SimpleStreets\RQ_28_Half.sli
1049495252
-
-
Splines\SMV Studios\Autobahn\RQ_28_with_beton_barrier_betonR.sli
1154043057
-
-
Sceneryobjects\woodlands_city_gg2\highway_bridge.sco
1112307493
1112307493
-1
