Sceneryobjects\Busdriver1997_OBJ\Autobahn\Klein_AS.sco
1153333261
1153333261
-1
Sceneryobjects\Busdriver1997_OBJ\Autobahn\Mast_Metall.sco
1153333276
1153333276
-1
Sceneryobjects\Busdriver1997_OBJ\Autobahn_Sonderzeichen\Piktogrammfeld_breit.sco
1148090076
1148090076
-1
Sceneryobjects\Generic\routearrow_dn.sco
1395037235
1395037235
-1
Sceneryobjects\SMV Studios\Road Objects\ADDON_SimpleStreets\RQ_36_Entry_End.sco
1049855312
1049855312
-1
Sceneryobjects\SMV Studios\Road Objects\ADDON_SimpleStreets\RQ_36_Entry_Start_Double.sco
1049855470
1049855470
-1
Sceneryobjects\SMV Studios\Road Objects\ADDON_SimpleStreets\RQ_36_Exit_End_Double.sco
1049855751
1049855751
-1
Sceneryobjects\SMV Studios\Road Objects\ADDON_SimpleStreets\RQ_36_Exit_Start.sco
1049855382
1049855382
-1
Sceneryobjects\SMV Studios\Route Hints V5\arrow_rightA.sco
1398646342
1398646342
-1
Sceneryobjects\Streetobjects_RUE\neonlight_2L_bend_L.sco
1344352907
1344352907
-1
Sceneryobjects\Streetobjects_RUE\sodiumlight_2L_break_L.sco
1344352908
1344352908
-1
Sceneryobjects\Trees_MC\shrubbery_04_20.sco
1361799459
1361799459
-1
Sceneryobjects\Trees_MC\tree_avenue_04.sco
1361799459
1361799459
-1
Sceneryobjects\Trees_MC\tree_large_05.sco
1361799459
1361799459
-1
Sceneryobjects\Trees_MC\tree_large_06.sco
1361799459
1361799459
-1
Splines\SMV Studios\ADDON_SimpleStreets\RQ_36.sli
1049852661
-
-
