Sceneryobjects\SMV Studios\Road Objects\ADDON_SimpleStreets\RQ_28_Exit_End_Double.sco
1049495889
1049495889
-1
Sceneryobjects\SMV Studios\Road Objects\ADDON_SimpleStreets\RQ_36_Entry_Start_Double.sco
1049855470
1049855470
-1
Sceneryobjects\SMV Studios\Road Objects\ADDON_SimpleStreets\RQ_36_EntryExit_Straight.sco
1049855593
1049855593
-1
Sceneryobjects\SMV Studios\Route Hints V5\arrow_upA.sco
1398646342
1398646342
-1
Sceneryobjects\Streetobjects_RUE\neonlight_L_whip_L.sco
1344352907
1344352907
-1
Splines\SMV Studios\ADDON_SimpleStreets\RQ_10,5_2spur_7,5m_Bridge_Oneway.sli
1049496635
-
-
Splines\SMV Studios\ADDON_SimpleStreets\RQ_20_4_spur_15m_narrow_Sidewalk.sli
1048803973
-
-
Splines\SMV Studios\ADDON_SimpleStreets\RQ_28.sli
1048409035
-
-
Splines\SMV Studios\ADDON_SimpleStreets\RQ_28_Bridge.sli
1049476268
-
-
