Sceneryobjects\ABB\electric_module.sco
1390836429
1390836429
-1
Sceneryobjects\ABB\pantograph_down_exp.sco
1396489677
1396489677
-1
Sceneryobjects\ABB\pantograph_down_exp2.sco
1396506818
1396506818
-1
Sceneryobjects\Buildings_DF\Traffic_lights\whip_beam.sco
1155991120
1155991120
-1
Sceneryobjects\Buildings_MC\bw_hoch_14.sco
1167985890
1167985890
-1
Sceneryobjects\Generic\bus_stop.sco
1395037235
1395037235
-1
Sceneryobjects\Generic\people_standing_small.sco
1395037235
1395037235
-1
Sceneryobjects\Helferlein_Objekte\Buegel2f.sco
1395155076
1395155076
-1
Sceneryobjects\Helferlein_Objekte\Buegel3f.sco
1395155076
1395155076
-1
Sceneryobjects\Helferlein_Objekte\SG_2f_FG.sco
1395155076
1395155076
-1
Sceneryobjects\Helferlein_Objekte\SG_3f_Kfz.sco
1395155076
1395155076
-1
Sceneryobjects\Ruede\trees_chestnut03.sco
1210215982
1210215982
-1
Sceneryobjects\SMRTG Studios\Route Hints V3\arrow_busStop.sco
1381000008
1381000008
-1
Sceneryobjects\SMRTG Studios\SMRTG Displays V3\Display ScreenText.sco
1301808947
1301808947
-1
Sceneryobjects\SMRTG Studios\SMRTG Displays V3\For ITHs\Display Screen.sco
1315662780
1315662780
-1
Sceneryobjects\SMRTG Studios\SMRTG Displays V3\For ITHs\Display Screen2.sco
1315662784
1315662784
-1
Sceneryobjects\SMRTG Studios\Tomlinson ITH\Berth_P.sco
1330146269
1330146269
-1
Sceneryobjects\SMV Studios\Road Objects\ADDON_SimpleStreets\RQ_20n_to_10,5.sco
1049134507
1049134507
-1
Sceneryobjects\SMV Studios\Road Objects\ADDON_SimpleStreets\RQ_20n_w9,5_SideWide_Junct_A.sco
1115583319
1115583319
-1
Sceneryobjects\SMV Studios\Route Hints V4\arrow_leftA.sco
1392487836
1392487836
-1
Sceneryobjects\SMV Studios\Route Hints V4\arrow_rightA.sco
1392487826
1392487826
-1
Sceneryobjects\SMV Studios\Route Hints V4\arrow_upA.sco
1392487831
1392487831
-1
Sceneryobjects\Streetobjects_RUE\neonlight_S_whip_S.sco
1167985954
1167985954
-1
Sceneryobjects\Streetobjects_RUE\single_pole.sco
1167985956
1167985956
-1
Splines\Addon_British-Style_Road_Markings\Bus_Stop_Solid_300.sli
1144101625
-
-
Splines\Marcel\invis_human.sli
1085057041
-
-
Splines\Marcel\invis_street.sli
999142606
-
-
Splines\SMV Studios\ADDON_SimpleStreets\RQ_20_4_spur_15m_narrow_Sidewalk.sli
1048803973
-
-
Splines\Terrain Spline\50mTerrain_Spline.sli
1361799397
-
-
Splines\Yufa\bussteig004noppl.sli
1361799399
-
-
