Sceneryobjects\Busdriver1997_OBJ\Autobahn\Ank_AS_gross_2spurig.sco
1153333111
1153333111
-1
Sceneryobjects\Busdriver1997_OBJ\Autobahn\Mast_2spurig.sco
1153333272
1153333272
-1
Sceneryobjects\Busdriver1997_OBJ\Autobahn\Mast_Metall.sco
1153333276
1153333276
-1
Sceneryobjects\Busdriver1997_OBJ\Autobahn_Sonderzeichen\Piktogrammfeld_breit.sco
1148090076
1148090076
-1
Sceneryobjects\Streetobjects_RUE\neonlight_L_bend_L.sco
1344352907
1344352907
-1
Sceneryobjects\Streetobjects_RUE\sodiumlight_2L_break_L.sco
1344352908
1344352908
-1
Splines\SMV Studios\Autobahn\RQ_28_with_beton_barrier_betonR.sli
1154043057
-
-
Splines\SMV Studios\Autobahn\RQ_28_with_crash_barrier.sli
1153997369
-
-
