Sceneryobjects\Generic\bus_stop.sco
1395037235
1395037235
-1
Sceneryobjects\Generic\people_standing_small.sco
1395037235
1395037235
-1
Sceneryobjects\SMV Studios\Bus Stop Pole V5\BS Pole.sco
1391175685
1391175685
-1
Sceneryobjects\SMV Studios\LTA Bus Stop V4\smrtg_sbsmrt.sco
1412084418
1412084418
-1
Sceneryobjects\Streetobjects_RUE\sodiumlight_L_break_L.sco
1344352908
1344352908
-1
Sceneryobjects\woodlands_city_gg2\highway_bridge.sco
1112307493
1112307493
-1
Splines\Marcel\invis_human.sli
1085057041
-
-
Splines\SMV Studios\ADDON_SimpleStreets\RQ_10,5_2spur_7,5m_noline.sli
1063984445
-
-
Splines\SMV Studios\ADDON_SimpleStreets\RQ_10,5_2spur_7,5m_Sidewalk.sli
1047334011
-
-
Splines\SMV Studios\ADDON_SimpleStreets\RQ_10,5_2spur_7,5m_Sidewalk_BridgeE.sli
1049135192
-
-
Splines\Yufa\bussteig003.sli
1066816595
-
-
