Sceneryobjects\Buildings_MC\bw_hoch_20.sco
1167985890
1167985890
-1
Sceneryobjects\Buildings_MC\tank_2_bp.sco
1167985908
1167985908
-1
Sceneryobjects\Generic\bus_stop.sco
1395037235
1395037235
-1
Sceneryobjects\gg\Mcdonalds.sco
1112307725
1112307725
-1
Sceneryobjects\SMRTG Studios\Route Hints V3\arrow_busStop.sco
1381000008
1381000008
-1
Sceneryobjects\SMRTG Studios\Smart Bus Stop V2\smrtg_sbs.sco
1358389653
1358389653
-1
Sceneryobjects\SMV Studios\Bus Stop Pole V5\BS Pole.sco
1391175685
1391175685
-1
Sceneryobjects\SMV Studios\Road Objects\ADDON_SimpleStreets\RQ_20n_Busstop001.sco
1053014247
1053014247
-1
Sceneryobjects\SMV Studios\Road Objects\ADDON_SimpleStreets\RQ_20n_Busstop002.sco
1053014107
1053014107
-1
Sceneryobjects\SMV Studios\Route Hints V4\arrow_upA.sco
1392487831
1392487831
-1
Sceneryobjects\Streetobjects_RUE\neonlight_S_whip_S.sco
1167985954
1167985954
-1
Sceneryobjects\Trees_MC\tree_medium_04.sco
1361799459
1361799459
-1
Sceneryobjects\Trees_MC\tree_medium_05.sco
1361799459
1361799459
-1
Splines\SMV Studios\ADDON_SimpleStreets\RQ_20_4_spur_15m_narrow_Sidewalk.sli
1048803973
-
-
