Sceneryobjects\Fellowsfilm Objects\Signs\Railings\Ped Railings.sco
1162255387
1162255387
-1
Sceneryobjects\Generic\bus_stop.sco
1395037235
1395037235
-1
Sceneryobjects\Generic\people_standing_small.sco
1395037235
1395037235
-1
Sceneryobjects\SMRTG Studios\Route Hints V3\arrow_busStop.sco
1381000008
1381000008
-1
Sceneryobjects\SMV Studios\Bus Stop Pole V5\BS Pole.sco
1391175685
1391175685
-1
Sceneryobjects\SMV Studios\LTA Bus Stop V4\smrtg_sbsmrt.sco
1412084418
1412084418
-1
Sceneryobjects\Streetobjects_RUE\neonlight_M_whip_S.sco
1167985958
1167985958
-1
Splines\Marcel\invis_human.sli
1085057041
-
-
Splines\SMV Studios\ADDON_SimpleStreets\RQ_10,5_1spur.sli
1048385792
-
-
Splines\Terrain Spline\Terrain Spline_Other textures\Terrain-Spline_Innenstadt\15mTerrain_Spline_Innenstadt.sli
1157911345
-
-
