Sceneryobjects\ABB\electric_module.sco
1390836429
1390836429
-1
Sceneryobjects\ABB\pantograph_down_exp.sco
1396489677
1396489677
-1
Sceneryobjects\ABB\pantograph_down_exp2.sco
1396506818
1396506818
-1
Sceneryobjects\Addon_British-Style_Road_Markings\Road_Destination_Mark_2line.sco
1144108168
1144108168
-1
Sceneryobjects\Buildings_DF\Traffic_lights\whip_beam.sco
1155991120
1155991120
-1
Sceneryobjects\Buildings_MC\tank_2_bp.sco
1167985908
1167985908
-1
Sceneryobjects\Daytonford\RQ_20n_to_10,5.sco
1361799017
1361799017
-1
Sceneryobjects\Daytonford\RQ_20n_w9,5_SideWide_Junct_A.sco
1115583319
1115583319
-1
Sceneryobjects\Daytonford\RQ_9,5_to_10,5.sco
1361799018
1361799018
-1
Sceneryobjects\Generic\bus_stop.sco
1395037235
1395037235
-1
Sceneryobjects\Generic\entrypoint_bus.sco
1395037235
1395037235
-1
Sceneryobjects\Generic\people_standing_small.sco
1395037235
1395037235
-1
Sceneryobjects\gg\phousing_0001.sco
1112307773
1112307773
-1
Sceneryobjects\Helferlein_Objekte\Buegel2f.sco
1395155076
1395155076
-1
Sceneryobjects\Helferlein_Objekte\Buegel3f.sco
1395155076
1395155076
-1
Sceneryobjects\Helferlein_Objekte\SG_2f_FG.sco
1395155076
1395155076
-1
Sceneryobjects\Helferlein_Objekte\SG_3f_Kfz.sco
1395155076
1395155076
-1
Sceneryobjects\HVLS Fans_RIS\HVLS Fans.sco
1253686350
1253686350
-1
Sceneryobjects\Road-hog123\Addon_British-Style_Road_Markings\Arrow_Left.sco
1219537095
1219537095
-1
Sceneryobjects\Road-hog123\Addon_British-Style_Road_Markings\Arrow_Straight.sco
1219537213
1219537213
-1
Sceneryobjects\Road-hog123\Addon_British-Style_Road_Markings\Slow.sco
1221034958
1221034958
-1
Sceneryobjects\Ruede\trees_chestnut03.sco
1210215982
1210215982
-1
Sceneryobjects\SMRTG Studios\Bus Int Signboard\BIS HG.sco
1383899592
1383899592
-1
Sceneryobjects\SMRTG Studios\Hillgrove Bus Int\Berth_P.sco
1298108536
1298108536
-1
Sceneryobjects\SMRTG Studios\Hillgrove Bus Int\HGBI.sco
1313498165
1313498165
-1
Sceneryobjects\SMRTG Studios\LTA Road Sign\LTARSSM.sco
1330144295
1330144295
-1
Sceneryobjects\SMRTG Studios\Route Hints V3\arrow_busStop.sco
1381000008
1381000008
-1
Sceneryobjects\SMRTG Studios\SMRTG Displays V3 Departures\Hillgrove Int\Display Screen.sco
1315352124
1315352124
-1
Sceneryobjects\SMRTG Studios\SMRTG Displays V3 Departures\Hillgrove Int\Display ScreenText.sco
1315352131
1315352131
-1
Sceneryobjects\SMRTG Studios\SMRTG Displays V3\Display Screen.sco
1313453702
1313453702
-1
Sceneryobjects\SMRTG Studios\SMRTG Displays V3\Display ScreenText.sco
1301808947
1301808947
-1
Sceneryobjects\SMV Studios\Route Hints V4\arrow_leftA.sco
1392487836
1392487836
-1
Sceneryobjects\SMV Studios\Route Hints V4\arrow_rightA.sco
1392487826
1392487826
-1
Sceneryobjects\SMV Studios\Route Hints V4\arrow_upA.sco
1392487831
1392487831
-1
Sceneryobjects\Streetobjects_MC\strlt_gwg_70s_1.sco
1210215984
1210215984
-1
Sceneryobjects\Streetobjects_MC\strlt_gwg_torte_1.sco
1210215916
1210215916
-1
Sceneryobjects\Streetobjects_RUE\neonlight_S_whip_S.sco
1167985954
1167985954
-1
Sceneryobjects\Streetobjects_RUE\single_pole.sco
1167985956
1167985956
-1
Sceneryobjects\Trees_MC\Field_Grass_01.sco
1086467279
1086467279
-1
Sceneryobjects\Trees_MC\Field_Grass_02.sco
1086467154
1086467154
-1
Sceneryobjects\Trees_MC\Poppies_01.sco
1086466874
1086466874
-1
Sceneryobjects\Trees_MC\RHD_tree_medium_06.sco
1361799459
1361799459
-1
Sceneryobjects\Trees_MC\Sunflowers_01.sco
1081090994
1081090994
-1
Sceneryobjects\Trees_MC\tree_avenue_02.sco
1361799459
1361799459
-1
Sceneryobjects\Trees_MC\tree_avenue_04.sco
1361799459
1361799459
-1
Sceneryobjects\Trees_MC\tree_large_02.sco
1361799459
1361799459
-1
Sceneryobjects\Trees_MC\tree_medium_01.sco
1361799459
1361799459
-1
Sceneryobjects\Trees_MC\tree_medium_02.sco
1361799459
1361799459
-1
Sceneryobjects\Trees_MC\tree_medium_04.sco
1361799459
1361799459
-1
Sceneryobjects\Trees_MC\Wheats_01.sco
1086457412
1086457412
-1
Sceneryobjects\woodlands_city_gg2\sport03.sco
1110943758
1110943758
-1
Splines\Addon_British-Style_Road_Markings\Bus_Stop_Solid_300.sli
1144101625
-
-
Splines\Addon_British-Style_Road_Markings\Zebra_Stripe_White.sli
1144101625
-
-
Splines\Daytonford\RQ_20_4_spur_15m_narrow_Sidewalk.sli
1361798682
-
-
Splines\Marcel\invis_human.sli
1085057041
-
-
Splines\Marcel\invis_street.sli
999142606
-
-
Splines\Ruede\DDR_Zaun_01.sli
1230788274
-
-
Splines\Terrain Spline\12mTerrain_Spline.sli
1361799397
-
-
Splines\Terrain Spline\50mTerrain_Spline.sli
1361799397
-
-
Splines\Terrain Spline\Terrain Spline\Terrain Spline_Other textures\Terrain-Spline_Origin_Gras\10mTerrain_Spline_Origin_Gras.sli
1157972653
-
-
Splines\Terrain Spline\Terrain Spline_Other textures\Terrain-Spline_Origin_Gras\15mTerrain_Spline_Origin_Gras.sli
1361799397
-
-
Splines\Yufa\bussteig004.sli
1077390461
-
-
Splines\Yufa\bussteig004noppl.sli
1361799399
-
-
Sceneryobjects\SMV Studios\Road Objects\ADDON_SimpleStreets\RQ_20n_to_10,5.sco
1049134507
1049134507
-1
Sceneryobjects\SMV Studios\Road Objects\ADDON_SimpleStreets\RQ_20n_w9,5_SideWide_Junct_A.sco
1115583319
1115583319
-1
Sceneryobjects\SMV Studios\Road Objects\ADDON_SimpleStreets\RQ_9,5_to_10,5.sco
1047956073
1047956073
-1
Splines\SMV Studios\ADDON_SimpleStreets\RQ_20_4_spur_15m_narrow_Sidewalk.sli
1048803973
-
-
