Sceneryobjects\ADDON_SimpleStreets\RQ_9,5_2spur_6,5m_Sidewalk.sli
1047218954
-
-
Sceneryobjects\ADDON_SimpleStreets\RQ_9,5_to_10,5.sco
1047943785
1047943785
-1
Sceneryobjects\Aiport Map\Terminals\Terminal.sco
1156229120
1156229120
-1
Sceneryobjects\Aiport Map\Terminals\Vorfeld Gate.sco
1158906304
1158906304
-1
Sceneryobjects\Aiport Map\Terminals\Vorfeld Gate1.sco
1158906304
1158906304
-1
Sceneryobjects\Generic\bus_stop.sco
1395037235
1395037235
-1
Sceneryobjects\Generic\people_standing_small.sco
1395037235
1395037235
-1
Sceneryobjects\Generic\routearrow_L.sco
1395037235
1395037235
-1
Sceneryobjects\Generic\routearrow_R.sco
1395037235
1395037235
-1
Sceneryobjects\Helferlein_Objekte\Buegel2f.sco
1395155076
1395155076
-1
Sceneryobjects\Helferlein_Objekte\Buegel3f.sco
1395155076
1395155076
-1
Sceneryobjects\Helferlein_Objekte\SG_2f_FG.sco
1395155076
1395155076
-1
Sceneryobjects\Helferlein_Objekte\SG_3f_Kfz.sco
1395155076
1395155076
-1
Sceneryobjects\More Trees Addon\FirTree2.sco
1124252852
1124252852
-1
Sceneryobjects\RRTS_Studios\busstopdisplay\BusstopDisplay.sco
1193185927
1193185927
-1
Sceneryobjects\SMRTG Studios\Route Hints V3\arrow_busStop.sco
1381000008
1381000008
-1
Sceneryobjects\SMV Studios\Bus Stop Pole V5\BS Pole.sco
1391175685
1391175685
-1
Sceneryobjects\SMV Studios\LTA Bus Stop V4\smrtg_sbsmrt.sco
1412084418
1412084418
-1
Sceneryobjects\SMV Studios\Road Objects\ADDON_SimpleStreets\RQ_9,5_2spur_6,5m_Sidewalk_cross_forbus4.sco
1049140883
1049140883
-1
Sceneryobjects\SMV Studios\Route Hints V5\arrow_rightA.sco
1398646342
1398646342
-1
Sceneryobjects\SMV Studios\Route Hints V5\arrow_upA.sco
1398646342
1398646342
-1
Sceneryobjects\Streetobjects_RUE\neonlight_M_whip_S.sco
1167985958
1167985958
-1
Sceneryobjects\Streetobjects_RUE\single_pole.sco
1167985956
1167985956
-1
Sceneryobjects\Streetobjects_RUE\whip_beam.sco
1344352916
1344352916
-1
Sceneryobjects\Trees_MC\tree_large_06.sco
1361799459
1361799459
-1
Splines\ADDON_SimpleStreets\RQ_10,5_2spur_7,5m_Sidewalk.sli
1047307388
-
-
Splines\Marcel\invis_human.sli
1085057041
-
-
Splines\Marcel\invis_street.sli
999142606
-
-
Splines\SMV Studios\ADDON_SimpleStreets\RQ_9,5_2spur_6,5m_Sidewalk.sli
1047229193
-
-
Splines\Terrain Spline\10mTerrain_SplineDARK.sli
1394774802
-
-
Splines\Yufa\50cm_normal_line.sli
1097627474
-
-
Splines\Yufa\bussteig004.sli
1077374077
-
-
Splines\Yufa\seb_line.sli
1149212165
-
-
Splines\Yufa\wait_line.sli
1059544064
-
-
Splines\Yufa\work_BUS_text.sli
1059210171
-
-
Splines\Yufa\work_line_50cm.sli
1097487527
-
-
