Sceneryobjects\ADDON_SimpleStreets\RQ_9,5_2spur_6,5m_Sidewalk.sli
1047218954
-
-
Sceneryobjects\Buildings_MC\bw_30s_02_A.sco
1344352413
1344352413
-1
Sceneryobjects\Buildings_MC\bw_30s_02_B.sco
1344352413
1344352413
-1
Sceneryobjects\Buildings_MC\bw_30s_02_C.sco
1344352413
1344352413
-1
Sceneryobjects\Buildings_MC\bw_hoch_21A.sco
1167985828
1167985828
-1
Sceneryobjects\Buildings_MC\bw_hoch_21B.sco
1167985821
1167985821
-1
Sceneryobjects\Buildings_MC\bw_hoch_21C.sco
1167985891
1167985891
-1
Sceneryobjects\SMV Studios\Road Objects\ADDON_SimpleStreets\RQ_9,5_2spur_6,5m_Sidewalk_junct_forbus.sco
1047956035
1047956035
-1
Sceneryobjects\SMV Studios\Route Hints V5\arrow_upA.sco
1398646342
1398646342
-1
Sceneryobjects\Streetobjects_RUE\neonlight_M_whip_S.sco
1167985958
1167985958
-1
Sceneryobjects\Trees_MC\shrubbery_01_20.sco
1361799459
1361799459
-1
Sceneryobjects\Trees_MC\tree_large_05.sco
1361799459
1361799459
-1
Splines\SMV Studios\ADDON_SimpleStreets\RQ_9,5_2spur_6,5m_Sidewalk.sli
1047229193
-
-
