Sceneryobjects\Addon_British-Style_Road_Markings\Road_Destination_Mark_3line.sco
1397644558
1397644558
-1
Sceneryobjects\Buildings_MC\bw_hoch_07B.sco
1167985890
1167985890
-1
Sceneryobjects\Buildings_MC\bw_hoch_09.sco
1167985890
1167985890
-1
Sceneryobjects\Fellowsfilm Objects\Signs\Railings\Ped Railings.sco
1162255387
1162255387
-1
Sceneryobjects\Generic\bus_stop.sco
1395037235
1395037235
-1
Sceneryobjects\Generic\people_standing_small.sco
1395037235
1395037235
-1
Sceneryobjects\SMRTG Studios\Route Hints V3\arrow_busStop.sco
1381000008
1381000008
-1
Sceneryobjects\SMV Studios\Bus Stop Pole V5\BS Pole.sco
1391175685
1391175685
-1
Sceneryobjects\SMV Studios\LTA Bus Stop V4\smrtg_sbsmrt.sco
1412084418
1412084418
-1
Sceneryobjects\SMV Studios\Road Objects\ADDON_SimpleStreets\RQ_10,5_Splitter1.sco
1056835940
1056835940
-1
Sceneryobjects\SMV Studios\Road Objects\ADDON_SimpleStreets\RQ_28_Entry_End.sco
1048950455
1048950455
-1
Sceneryobjects\SMV Studios\Road Objects\ADDON_SimpleStreets\RQ_28_EntryExit_Straight_Lane.sco
1048950576
1048950576
-1
Sceneryobjects\SMV Studios\Road Objects\ADDON_SimpleStreets\RQ_28_Exit_End_Double.sco
1049495889
1049495889
-1
Sceneryobjects\SMV Studios\Road Objects\ADDON_SimpleStreets\RQ_28_Exit_Start.sco
1048950816
1048950816
-1
Sceneryobjects\SMV Studios\Road Objects\ADDON_SimpleStreets\RQ_36_Entry_End.sco
1049855312
1049855312
-1
Sceneryobjects\SMV Studios\Road Objects\ADDON_SimpleStreets\RQ_36_Entry_Start_Double.sco
1049855470
1049855470
-1
Sceneryobjects\SMV Studios\Road Objects\ADDON_SimpleStreets\RQ_36_EntryExit_Straight.sco
1049855593
1049855593
-1
Sceneryobjects\SMV Studios\Route Hints V5\arrow_rightA.sco
1398646342
1398646342
-1
Sceneryobjects\SMV Studios\Route Hints V5\arrow_upA.sco
1398646342
1398646342
-1
Sceneryobjects\Streetobjects_RUE\neonlight_M_whip_S.sco
1167985958
1167985958
-1
Sceneryobjects\Streetobjects_RUE\sodiumlight_2L_break_L.sco
1344352908
1344352908
-1
Splines\Marcel\invis_human.sli
1085057041
-
-
Splines\SMV Studios\ADDON_SimpleStreets\RQ_10,5_1spur.sli
1048385792
-
-
Splines\SMV Studios\ADDON_SimpleStreets\RQ_10,5_2spur_7,5m_Oneway.sli
1049494860
-
-
Splines\SMV Studios\ADDON_SimpleStreets\RQ_10,5_2spur_7,5m_Sidewalk.sli
1047334011
-
-
Splines\SMV Studios\ADDON_SimpleStreets\RQ_28.sli
1048409035
-
-
Splines\Terrain Spline\Terrain Spline_Other textures\Terrain-Spline_Innenstadt\15mTerrain_Spline_Innenstadt.sli
1157911345
-
-
Splines\Yufa\bussteig004.sli
1077374077
-
-
