Sceneryobjects\Buildings_MC\bw_hoch_09.sco
1167985890
1167985890
-1
Sceneryobjects\Buildings_RUE\Haus01a.sco
1210215886
1210215886
-1
Sceneryobjects\Buildings_RUE\Haus01b.sco
1210215887
1210215887
-1
Sceneryobjects\Buildings_RUE\Haus01c.sco
1210215936
1210215936
-1
Sceneryobjects\Generic\car_park.sco
1395037235
1395037235
-1
Sceneryobjects\SMV Studios\Road Objects\ADDON_SimpleStreets\RQ_9,5_to_10,5.sco
1047956073
1047956073
-1
Sceneryobjects\Streetobjects_RUE\neonlight_M_whip_S.sco
1167985958
1167985958
-1
Sceneryobjects\Trees_MC\Tree_Small_04.sco
1361799459
1361799459
-1
Splines\SMV Studios\ADDON_SimpleStreets\RQ_10,5_2spur_7,5m_Sidewalk.sli
1047334011
-
-
Splines\SMV Studios\ADDON_SimpleStreets\RQ_20_4_spur_15m_narrow_Sidewalk.sli
1048803973
-
-
Splines\SMV Studios\ADDON_SimpleStreets\RQ_9,5_2spur_6,5m_Sidewalk.sli
1047229193
-
-
Splines\Yufa\bussteig004.sli
1077374077
-
-
