Sceneryobjects\Addon_British-Style_Road_Markings\Road_Destination_Mark_3line.sco
1397644558
1397644558
-1
Sceneryobjects\ADDON_SimpleStreets\RQ_9,5_2spur_6,5m_Sidewalk.sli
1047218954
-
-
Sceneryobjects\ADDON_SimpleStreets\RQ_9,5_2spur_6,5m_Sidewalk_junct_forbus4.sco
1049131168
1049131168
-1
Sceneryobjects\Buildings_MC\bw_80s_02.sco
1344352419
1344352419
-1
Sceneryobjects\Buildings_MC\bw_hoch_21A.sco
1167985828
1167985828
-1
Sceneryobjects\Buildings_MC\bw_hoch_21B.sco
1167985821
1167985821
-1
Sceneryobjects\Generic\bus_stop.sco
1395037235
1395037235
-1
Sceneryobjects\Generic\people_standing_small.sco
1395037235
1395037235
-1
Sceneryobjects\SMRTG Studios\SMV Bus Stop\smv_busstop.sco
1377940020
1377940020
-1
Sceneryobjects\SMV Studios\Bus Stop Pole V5\BS Pole.sco
1391175685
1391175685
-1
Sceneryobjects\SMV Studios\Road Objects\ADDON_SimpleStreets\RQ_9,5_2spur_6,5m_Sidewalk_junct_forbus4.sco
1049141408
1049141408
-1
Sceneryobjects\SMV Studios\Route Hints V5\arrow_upA.sco
1398646342
1398646342
-1
Sceneryobjects\Streetobjects_RUE\neonlight_L_bend_L.sco
1344352907
1344352907
-1
Sceneryobjects\Streetobjects_RUE\neonlight_M_whip_S.sco
1167985958
1167985958
-1
Sceneryobjects\Trees_MC\tree_large_05.sco
1361799459
1361799459
-1
Sceneryobjects\Trees_MC\tree_large_06.sco
1361799459
1361799459
-1
Splines\Addon_British-Style_Road_Markings\Single_Red.sli
1397644423
-
-
Splines\SMV Studios\ADDON_SimpleStreets\RQ_9,5_2spur_6,5m_Sidewalk.sli
1047229193
-
-
Sceneryobjects\SMRTG Studios\Route Hints V3\arrow_busStop.sco
1381000008
1381000008
-1
