Sceneryobjects\Daytonford\RQ_20n_Busstop001.sco
1361799017
1361799017
-1
Sceneryobjects\Generic\bus_stop.sco
1395037235
1395037235
-1
Sceneryobjects\Generic\fireworks.sco
1395037235
1395037235
-1
Sceneryobjects\gg\eastern.sco
1150459649
1150459649
-1
Sceneryobjects\gg\phousing_0901.sco
1099530088
1099530088
-1
Sceneryobjects\gg\phousing_1201.sco
1110813771
1110813771
-1
Sceneryobjects\Ruede\forest_backdrop01.sco
1210215922
1210215922
-1
Sceneryobjects\Ruede\trees_chestnut01.sco
1210216180
1210216180
-1
Sceneryobjects\Ruede\trees_chestnut02.sco
1210215982
1210215982
-1
Sceneryobjects\Ruede\trees_chestnut03.sco
1210215982
1210215982
-1
Sceneryobjects\SMRTG Studios\Airbitat Bus Stop V2\smrtg_airbitat.sco
1358346459
1358346459
-1
Sceneryobjects\SMRTG Studios\Route Hints V3\arrow_busStop.sco
1381000008
1381000008
-1
Sceneryobjects\SMV Studios\Bus Stop Pole V5\BS Pole.sco
1391175685
1391175685
-1
Sceneryobjects\SMV Studios\Route Hints V4\arrow_rightA.sco
1392487826
1392487826
-1
Sceneryobjects\Streetobjects_RUE\neonlight_S_whip_S.sco
1167985954
1167985954
-1
Sceneryobjects\Trees_MC\tree_medium_01.sco
1361799459
1361799459
-1
Sceneryobjects\Trees_MC\tree_medium_02.sco
1361799459
1361799459
-1
Sceneryobjects\Trees_MC\tree_medium_03.sco
1361799459
1361799459
-1
Sceneryobjects\Trees_MC\tree_medium_04.sco
1361799459
1361799459
-1
Sceneryobjects\Trees_MC\tree_medium_06.sco
1361799459
1361799459
-1
Sceneryobjects\Trees_MC\tree_medium_07.sco
1361799459
1361799459
-1
Sceneryobjects\Trees_MC\tree_medium_08.sco
1361799459
1361799459
-1
Splines\Daytonford\RQ_20_4_spur_15m_narrow_Sidewalk.sli
1361798682
-
-
