Sceneryobjects\Buildings_MC\bw_60s_01.sco
1344352418
1344352418
-1
Sceneryobjects\Buildings_MC\bw_60s_02A.sco
1344352418
1344352418
-1
Sceneryobjects\Buildings_MC\bw_80s_04.sco
1344352419
1344352419
-1
Sceneryobjects\Buildings_MC\bw_80s_05.sco
1344352419
1344352419
-1
Sceneryobjects\Buildings_MC\bw_jul.sco
1344352424
1344352424
-1
Sceneryobjects\Streetobjects_RUE\neonlight_M_whip_S.sco
1167985958
1167985958
-1
Sceneryobjects\Trees_MC\tree_large_05.sco
1361799459
1361799459
-1
Sceneryobjects\Trees_MC\tree_large_06.sco
1361799459
1361799459
-1
Splines\SMV Studios\ADDON_SimpleStreets\RQ_9,5_2spur_6,5m_Sidewalk.sli
1047229193
-
-
