Sceneryobjects\Buildings_DF\Traffic_lights\whip_beam.sco
1155991120
1155991120
-1
Sceneryobjects\Buildings_MC\schleusener_platz.sco
1167985907
1167985907
-1
Sceneryobjects\Helferlein_Objekte\Buegel2f.sco
1395155076
1395155076
-1
Sceneryobjects\Helferlein_Objekte\Buegel3f.sco
1395155076
1395155076
-1
Sceneryobjects\Helferlein_Objekte\SG_2f_FG.sco
1395155076
1395155076
-1
Sceneryobjects\Helferlein_Objekte\SG_3f_Kfz.sco
1395155076
1395155076
-1
Sceneryobjects\Ruede\trees_chestnut02.sco
1210215982
1210215982
-1
Sceneryobjects\SMRTG Studios\Virtual City MRT Shaft\Hillgrove Link\HGMRT.sco
1328656656
1328656656
-1
Sceneryobjects\SMV Studios\Road Objects\ADDON_SimpleStreets\RQ_20n_to_10,5.sco
1049134507
1049134507
-1
Sceneryobjects\SMV Studios\Road Objects\ADDON_SimpleStreets\RQ_20n_w9,5_SideWide_Junct_A.sco
1115583319
1115583319
-1
Sceneryobjects\Streetobjects_RUE\neonlight_S_whip_S.sco
1167985954
1167985954
-1
Sceneryobjects\Streetobjects_RUE\single_pole.sco
1167985956
1167985956
-1
Sceneryobjects\Trees_MC\RHD_tree_large_03.sco
1361799459
1361799459
-1
Sceneryobjects\Trees_MC\RHD_tree_large_04.sco
1361799459
1361799459
-1
Sceneryobjects\woodlands_city_gg2\sport01.sco
1099910513
1099910513
-1
Sceneryobjects\woodlands_city_gg2\sport03.sco
1110943758
1110943758
-1
Splines\SMV Studios\ADDON_SimpleStreets\RQ_20_4_spur_15m_narrow_Sidewalk.sli
1048803973
-
-
