Sceneryobjects\Buildings_MC\schleusener_platz.sco
1167985907
1167985907
-1
Sceneryobjects\Generic\bus_stop.sco
1395037235
1395037235
-1
Sceneryobjects\Ruede\forest_backdrop01.sco
1210215922
1210215922
-1
Sceneryobjects\Ruede\trees_chestnut01.sco
1210216180
1210216180
-1
Sceneryobjects\Ruede\trees_chestnut03.sco
1210215982
1210215982
-1
Sceneryobjects\SMRTG Studios\Route Hints V3\arrow_busStop.sco
1381000008
1381000008
-1
Sceneryobjects\SMRTG Studios\SMV Bus Stop\smv_busstop.sco
1377940020
1377940020
-1
Sceneryobjects\SMV Studios\Bus Stop Pole V5\BS Pole.sco
1391175685
1391175685
-1
Sceneryobjects\Streetobjects_RUE\neonlight_S_whip_S.sco
1167985954
1167985954
-1
Sceneryobjects\Trees_MC\Buttercup_01.sco
1111932516
1111932516
-1
Sceneryobjects\Trees_MC\Field_Grass_02.sco
1086467154
1086467154
-1
Sceneryobjects\Trees_MC\fir_medium_04.sco
1361799459
1361799459
-1
Sceneryobjects\Trees_MC\Poppies_01.sco
1086466874
1086466874
-1
Sceneryobjects\Trees_MC\Poppies_02.sco
1087505521
1087505521
-1
Sceneryobjects\Trees_MC\RHD_tree_large_02.sco
1361799459
1361799459
-1
Sceneryobjects\Trees_MC\RHD_tree_large_03.sco
1361799459
1361799459
-1
Sceneryobjects\Trees_MC\RHD_tree_large_04.sco
1361799459
1361799459
-1
Sceneryobjects\Trees_MC\RHD_tree_large_05.sco
1361799459
1361799459
-1
Sceneryobjects\Trees_MC\RHD_tree_medium_02.sco
1361799459
1361799459
-1
Sceneryobjects\Trees_MC\SG_Riet.sco
1096289172
1096289172
-1
Sceneryobjects\Trees_MC\tree_avenue_02.sco
1361799459
1361799459
-1
Sceneryobjects\Trees_MC\tree_large_02.sco
1361799459
1361799459
-1
Sceneryobjects\Trees_MC\tree_large_05.sco
1361799459
1361799459
-1
Sceneryobjects\Trees_MC\tree_medium_01.sco
1361799459
1361799459
-1
Sceneryobjects\Trees_MC\tree_medium_02.sco
1361799459
1361799459
-1
Sceneryobjects\Trees_MC\tree_medium_04.sco
1361799459
1361799459
-1
Sceneryobjects\woodlands_city_gg2\sport01.sco
1099910513
1099910513
-1
Sceneryobjects\woodlands_city_gg2\sport02.sco
1099910517
1099910517
-1
Splines\Daytonford\RQ_9,5_2spur_6,5m_Sidewalk.sli
1361798682
-
-
Splines\Yufa\bussteig004noppl.sli
1361799399
-
-
Splines\SMV Studios\ADDON_SimpleStreets\RQ_9,5_2spur_6,5m_Sidewalk.sli
1047229193
-
-
