Sceneryobjects\SMV Studios\Road Objects\ADDON_SimpleStreets\RQ_36_Entry_End.sco
1049855312
1049855312
-1
Sceneryobjects\SMV Studios\Road Objects\ADDON_SimpleStreets\RQ_36_Entry_Start_Double.sco
1049855470
1049855470
-1
Sceneryobjects\SMV Studios\Road Objects\ADDON_SimpleStreets\RQ_36_Exit_End_Double.sco
1049855751
1049855751
-1
Sceneryobjects\SMV Studios\Road Objects\ADDON_SimpleStreets\RQ_36_Exit_Start.sco
1049855382
1049855382
-1
Sceneryobjects\SMV Studios\Route Hints V5\arrow_rightA.sco
1398646342
1398646342
-1
Sceneryobjects\SMV Studios\Route Hints V5\arrow_upA.sco
1398646342
1398646342
-1
Sceneryobjects\Streetobjects_RUE\neonlight_2L_bend_L.sco
1344352907
1344352907
-1
Sceneryobjects\Streetobjects_RUE\neonlight_M_whip_S.sco
1167985958
1167985958
-1
Sceneryobjects\woodlands_city_gg2\highway_bridge2.sco
1112307496
1112307496
-1
Splines\SMV Studios\ADDON_SimpleStreets\RQ_10,5_2spur_7,5m_Bridge_Oneway.sli
1049496635
-
-
Splines\SMV Studios\ADDON_SimpleStreets\RQ_28.sli
1048409035
-
-
Splines\SMV Studios\ADDON_SimpleStreets\RQ_28_Bridge.sli
1049476268
-
-
Splines\SMV Studios\ADDON_SimpleStreets\RQ_36.sli
1049852661
-
-
