Sceneryobjects\ABB\electric_module.sco
1390836429
1390836429
-1
Sceneryobjects\ABB\pantograph_down.sco
1396489349
1396489349
-1
Sceneryobjects\Addon_LED_Ampeln\Ampel_Kfz_Oh_1.sco
1131645519
1131645519
-1
Sceneryobjects\Addon_LED_Ampeln\Ampel_VacArrow.sco
1131645532
1131645532
-1
Sceneryobjects\Buildings_DF\Traffic_lights\whip_beam.sco
1155991120
1155991120
-1
Sceneryobjects\Buildings_MC\bw_hoch_21A.sco
1167985828
1167985828
-1
Sceneryobjects\Buildings_MC\bw_old_05.sco
1167985891
1167985891
-1
Sceneryobjects\Buildings_MC\bw_supermarkt_1.sco
1167985894
1167985894
-1
Sceneryobjects\Buildings_MC\park_3.sco
1167985901
1167985901
-1
Sceneryobjects\Daytonford\RQ_20n_Busstop001.sco
1361799017
1361799017
-1
Sceneryobjects\Daytonford\RQ_20n_to_10,5.sco
1361799017
1361799017
-1
Sceneryobjects\Daytonford\RQ_20n_w9,5_SideWide_Junct_A.sco
1115583319
1115583319
-1
Sceneryobjects\Generic\bus_stop.sco
1395037235
1395037235
-1
Sceneryobjects\gg\highway_wall3.sco
1112307579
1112307579
-1
Sceneryobjects\gg\phousing_0001.sco
1112307773
1112307773
-1
Sceneryobjects\gg\phousing_0901.sco
1099530088
1099530088
-1
Sceneryobjects\Helferlein_Objekte\Buegel2f.sco
1395155076
1395155076
-1
Sceneryobjects\Helferlein_Objekte\Buegel3f.sco
1395155076
1395155076
-1
Sceneryobjects\Helferlein_Objekte\SG_2f_FG.sco
1395155076
1395155076
-1
Sceneryobjects\Helferlein_Objekte\SG_3f_Kfz.sco
1395155076
1395155076
-1
Sceneryobjects\Ruede\trees_chestnut01.sco
1210216180
1210216180
-1
Sceneryobjects\Ruede\trees_chestnut03.sco
1210215982
1210215982
-1
Sceneryobjects\SMRTG Studios\Airbitat Bus Stop V2\smrtg_airbitat.sco
1358346459
1358346459
-1
Sceneryobjects\SMRTG Studios\LTA Road Sign\LTARSSM.sco
1330144295
1330144295
-1
Sceneryobjects\SMRTG Studios\Normanton Bus Depot\Refuelling Tank.sco
1314218852
1314218852
-1
Sceneryobjects\SMRTG Studios\Route Hints V3\arrow_busStop.sco
1381000008
1381000008
-1
Sceneryobjects\SMV Studios\Bus Stop Pole V5\BS Pole.sco
1391175685
1391175685
-1
Sceneryobjects\SMV Studios\Route Hints V4\arrow_leftA.sco
1392487836
1392487836
-1
Sceneryobjects\SMV Studios\Route Hints V4\arrow_rightA.sco
1392487826
1392487826
-1
Sceneryobjects\SMV Studios\Route Hints V4\arrow_upA.sco
1392487831
1392487831
-1
Sceneryobjects\Streetobjects_RUE\neonlight_S_whip_S.sco
1167985954
1167985954
-1
Sceneryobjects\Streetobjects_RUE\single_pole.sco
1167985956
1167985956
-1
Sceneryobjects\Trees_MC\tree_medium_04.sco
1361799459
1361799459
-1
Sceneryobjects\Trees_MC\tree_medium_05.sco
1361799459
1361799459
-1
Sceneryobjects\Trees_MC\tree_medium_06.sco
1361799459
1361799459
-1
Sceneryobjects\Trees_MC\tree_medium_09.sco
1361799459
1361799459
-1
Splines\Addon_British-Style_Road_Markings\Bus_Stop_Solid_300.sli
1144101625
-
-
Splines\Daytonford\RQ_20_4_spur_15m_narrow_Sidewalk.sli
1361798682
-
-
Splines\Marcel\invis_street.sli
999142606
-
-
Splines\Terrain Spline\50mTerrain_Spline LIGHT.sli
1314628941
-
-
Splines\Yufa\bussteig004noppl.sli
1361799399
-
-
