Sceneryobjects\Buildings_MC\park_5.sco
1344352473
1344352473
-1
Sceneryobjects\Daytonford\RQ_20n_to_28.sco
1361799017
1361799017
-1
Sceneryobjects\Daytonford\RQ_20n_w9,5_SideWide_Junct_A.sco
1115583319
1115583319
-1
Sceneryobjects\gg\eastern.sco
1150459649
1150459649
-1
Sceneryobjects\SMRTG Studios\Route Hints V3\arrow_busStop.sco
1381000008
1381000008
-1
Sceneryobjects\SMRTG Studios\SMV Bus Stop\smv_busstop.sco
1377940020
1377940020
-1
Sceneryobjects\SMV Studios\Bus Stop Pole V5\BS Pole.sco
1391175685
1391175685
-1
Sceneryobjects\SMV Studios\Noise Barriers\Laermschutzwand.sco
1115329800
1115329800
-1
Sceneryobjects\SMV Studios\Route Hints V4\arrow_leftA.sco
1392487836
1392487836
-1
Sceneryobjects\Streetobjects_RUE\neonlight_S_whip_S.sco
1167985954
1167985954
-1
Sceneryobjects\Trees_MC\tree_medium_06.sco
1361799459
1361799459
-1
Splines\Daytonford\RQ_28_Bridge.sli
1049476268
-
-
Splines\Marcel\invis_street.sli
999142606
-
-
Splines\Yufa\bussteig004noppl.sli
1361799399
-
-
Sceneryobjects\SMV Studios\Road Objects\ADDON_SimpleStreets\RQ_20n_to_28.sco
1049132494
1049132494
-1
Sceneryobjects\SMV Studios\Road Objects\ADDON_SimpleStreets\RQ_20n_w9,5_SideWide_Junct_A.sco
1115583319
1115583319
-1
Splines\SMV Studios\ADDON_SimpleStreets\RQ_28_Bridge.sli
1049476268
-
-
