Sceneryobjects\Buildings_DF\bw_supermarkt_1B.sco
1112447921
1112447921
-1
Sceneryobjects\Buildings_DF\bw_supermarkt_2.sco
1112449916
1112449916
-1
Sceneryobjects\Buildings_MC\buro_01.sco
1344352413
1344352413
-1
Sceneryobjects\Buildings_MC\buro_02.sco
1344352413
1344352413
-1
Sceneryobjects\Buildings_MC\bw_business_01.sco
1344352420
1344352420
-1
Sceneryobjects\Buildings_MC\bw_business_01B.sco
1344352420
1344352420
-1
Sceneryobjects\Buildings_MC\bw_hall_grey_1.sco
1344352421
1344352421
-1
Sceneryobjects\Buildings_MC\bw_zurheimat.sco
1344352437
1344352437
-1
Sceneryobjects\Generic\bus_stop.sco
1395037235
1395037235
-1
Sceneryobjects\Generic\people_standing_small.sco
1395037235
1395037235
-1
Sceneryobjects\SMRTG Studios\Route Hints V3\arrow_busStop.sco
1381000008
1381000008
-1
Sceneryobjects\SMRTG Studios\SMV Bus Stop\smv_busstop.sco
1377940020
1377940020
-1
Sceneryobjects\SMV Studios\Bus Stop Pole V5\BS Pole.sco
1391175685
1391175685
-1
Sceneryobjects\Streetobjects_RUE\neonlight_M_whip_S.sco
1167985958
1167985958
-1
Sceneryobjects\Trees_MC\shrubbery_03_20.sco
1361799459
1361799459
-1
Sceneryobjects\Trees_MC\shrubbery_04_20.sco
1361799459
1361799459
-1
Sceneryobjects\Trees_MC\tree_large_05.sco
1361799459
1361799459
-1
Sceneryobjects\Trees_MC\tree_large_06.sco
1361799459
1361799459
-1
Sceneryobjects\Trees_MC\Tree_Small_08.sco
1361799460
1361799460
-1
Sceneryobjects\Trees_MC\tree_tiny_01.sco
1361799460
1361799460
-1
Splines\SMV Studios\ADDON_SimpleStreets\RQ_20_4_spur_15m_narrow_Sidewalk.sli
1048803973
-
-
