Sceneryobjects\Buildings_DF\Target\bw_supermarkt_2.sco
1112449911
1112449911
-1
Sceneryobjects\Generic\car_park.sco
1395037235
1395037235
-1
Sceneryobjects\Generic\entrypoint_bus.sco
1395037235
1395037235
-1
Sceneryobjects\SMV Studios\Road Objects\ADDON_SimpleStreets\RQ_36_Entry_End.sco
1049855312
1049855312
-1
Sceneryobjects\SMV Studios\Road Objects\ADDON_SimpleStreets\RQ_36_Exit_Start.sco
1049855382
1049855382
-1
Sceneryobjects\SMV Studios\Route Hints V5\arrow_rightA.sco
1398646342
1398646342
-1
Sceneryobjects\Streetobjects_RUE\neonlight_2L_bend_L.sco
1344352907
1344352907
-1
Sceneryobjects\Streetobjects_RUE\neonlight_L_whip_L.sco
1344352907
1344352907
-1
Sceneryobjects\Trees_MC\Tree_Small_01.sco
1361799459
1361799459
-1
Sceneryobjects\Trees_MC\Tree_Small_07.sco
1361799460
1361799460
-1
Sceneryobjects\Trees_MC\Tree_Small_08.sco
1361799460
1361799460
-1
Splines\Marcel\invis_street.sli
999142606
-
-
Splines\SMV Studios\ADDON_SimpleStreets\RQ_36.sli
1049852661
-
-
Splines\SMV Studios\ADDON_SimpleStreets\RQ_9,5_2spur_6,5m_Sidewalk.sli
1047229193
-
-
Splines\Terrain Spline\15mTerrain_Spline.sli
1157909538
-
-
Splines\Yufa\wait_line.sli
1059544064
-
-
Splines\Yufa\work_line_25cm.sli
1097484462
-
-
Splines\Yufa\yufa_gw_land1.sli
1080907163
-
-
Sceneryobjects\Generic\bus_stop.sco
1395037235
1395037235
-1
