Sceneryobjects\Buildings_MC\bw_hoch_07B.sco
1167985890
1167985890
-1
Sceneryobjects\Helferlein_Objekte\Buegel2f.sco
1395155076
1395155076
-1
Sceneryobjects\Helferlein_Objekte\Buegel3f.sco
1395155076
1395155076
-1
Sceneryobjects\Helferlein_Objekte\SG_2f_FG.sco
1395155076
1395155076
-1
Sceneryobjects\Helferlein_Objekte\SG_3f_Kfz.sco
1395155076
1395155076
-1
Sceneryobjects\SMV Studios\Road Objects\ADDON_SimpleStreets\RQ_20n_Busstop001.sco
1053014247
1053014247
-1
Sceneryobjects\SMV Studios\Road Objects\ADDON_SimpleStreets\RQ_20n_to_10,5.sco
1049134507
1049134507
-1
Sceneryobjects\SMV Studios\Road Objects\ADDON_SimpleStreets\RQ_20n_w9,5_SideWide_Cross_A.sco
1115583360
1115583360
-1
Sceneryobjects\SMV Studios\Route Hints V5\arrow_rightA.sco
1398646342
1398646342
-1
Sceneryobjects\Streetobjects_RUE\neonlight_M_whip_S.sco
1167985958
1167985958
-1
Sceneryobjects\Streetobjects_RUE\single_pole.sco
1167985956
1167985956
-1
Sceneryobjects\Streetobjects_RUE\whip_beam.sco
1344352916
1344352916
-1
Sceneryobjects\Trees_MC\shrubbery_04_20.sco
1361799459
1361799459
-1
Sceneryobjects\Trees_MC\tree_large_01.sco
1361799459
1361799459
-1
Splines\SMV Studios\ADDON_SimpleStreets\RQ_10,5_2spur_7,5m_Sidewalk.sli
1047334011
-
-
Splines\SMV Studios\ADDON_SimpleStreets\RQ_20_4_spur_15m_narrow_Sidewalk.sli
1048803973
-
-
