Sceneryobjects\SMV Studios\Road Objects\ADDON_SimpleStreets\RQ_10,5_to_15,5_Start.sco
1047956713
1047956713
-1
Sceneryobjects\Streetobjects_RUE\neonlight_L_whip_L.sco
1344352907
1344352907
-1
Sceneryobjects\Streetobjects_RUE\neonlight_M_whip_S.sco
1167985958
1167985958
-1
Sceneryobjects\Streetobjects_RUE\sodiumlight_2L_break_L.sco
1344352908
1344352908
-1
Sceneryobjects\Streetobjects_RUE\sodiumlight_L_break_L.sco
1344352908
1344352908
-1
Sceneryobjects\Trees_MC\tree_large_05.sco
1361799459
1361799459
-1
Sceneryobjects\Trees_MC\tree_large_06.sco
1361799459
1361799459
-1
Splines\SMV Studios\ADDON_SimpleStreets\RQ_10,5_2spur_7,5m_Sidewalk.sli
1047334011
-
-
Splines\SMV Studios\ADDON_SimpleStreets\RQ_15,5_2spur_11,5m_Sidewalk.sli
1047626548
-
-
Splines\SMV Studios\ADDON_SimpleStreets\RQ_28_Bridge.sli
1049476268
-
-
