Sceneryobjects\Daytonford\RQ_20n_Busstop001.sco
1361799017
1361799017
-1
Sceneryobjects\Daytonford\RQ_20n_Busstop002.sco
1361799017
1361799017
-1
Sceneryobjects\Daytonford\RQ_20n_to_10,5.sco
1361799017
1361799017
-1
Sceneryobjects\SMRTG Studios\SMRTG Displays V3 Departures\Normanton Ter\Display ScreenText.sco
1315351193
1315351193
-1
Sceneryobjects\SMV Studios\Route Hints V4\arrow_leftA.sco
1392487836
1392487836
-1
Sceneryobjects\Streetobjects_MC\strlt_gwg_torte_1.sco
1210215916
1210215916
-1
Sceneryobjects\Streetobjects_RUE\neonlight_M_whip_S.sco
1167985958
1167985958
-1
Sceneryobjects\Streetobjects_RUE\neonlight_S_whip_S.sco
1167985954
1167985954
-1
Sceneryobjects\Trees_MC\tree_medium_01.sco
1361799459
1361799459
-1
Sceneryobjects\Trees_MC\tree_medium_03.sco
1361799459
1361799459
-1
Splines\Daytonford\RQ_20_4_spur_15m_narrow_Sidewalk.sli
1361798682
-
-
